[process_supervisor] log file: /home/kale/QHRR_control/log/20260527_140255/task_controller.log
[task_controller] loaded policy qhrr: /home/kale/QHRR_control/policy/qhrr/qhrr/policy.onnx
[task_controller] control=qhrr_control_state aux=qhrr_aux_command control_cmd=qhrr_mit_command
[task_controller] target_policy_output_hz=50.000 rate_log_interval_s=1.0
[task_controller] waiting for control_state
[task_controller] control_state received
[task_controller] policy_output_rate_hz=50.74 published=51 target_hz=50.00
[task_controller] policy_output_rate_hz=49.84 published=101 target_hz=50.00
[task_controller] policy_output_rate_hz=49.85 published=151 target_hz=50.00
[task_controller] policy_output_rate_hz=49.85 published=201 target_hz=50.00
[task_controller] policy_output_rate_hz=49.85 published=251 target_hz=50.00
[task_controller] policy_output_rate_hz=49.85 published=301 target_hz=50.00
[task_controller] policy_output_rate_hz=49.84 published=351 target_hz=50.00
[task_controller] policy_output_rate_hz=49.85 published=401 target_hz=50.00
[task_controller] policy_output_rate_hz=49.85 published=451 target_hz=50.00
[task_controller] policy_output_rate_hz=49.84 published=501 target_hz=50.00
[task_controller] policy_output_rate_hz=49.84 published=551 target_hz=50.00
[task_controller] policy_output_rate_hz=49.86 published=601 target_hz=50.00
[task_controller] policy_output_rate_hz=49.84 published=651 target_hz=50.00
[task_controller] policy_output_rate_hz=49.85 published=701 target_hz=50.00
[task_controller] policy_output_rate_hz=49.85 published=751 target_hz=50.00
[task_controller] policy_output_rate_hz=49.84 published=801 target_hz=50.00
[task_controller] policy_output_rate_hz=49.84 published=851 target_hz=50.00
[task_controller] policy_output_rate_hz=49.86 published=901 target_hz=50.00
[task_controller] policy_output_rate_hz=49.85 published=951 target_hz=50.00
[task_controller] policy_output_rate_hz=49.84 published=1001 target_hz=50.00
[task_controller] policy_output_rate_hz=49.85 published=1051 target_hz=50.00
[task_controller] policy_output_rate_hz=49.84 published=1101 target_hz=50.00
[task_controller] policy_output_rate_hz=49.86 published=1151 target_hz=50.00
[task_controller] policy_output_rate_hz=49.84 published=1201 target_hz=50.00
[task_controller] policy_output_rate_hz=49.85 published=1251 target_hz=50.00
[task_controller] policy_output_rate_hz=49.85 published=1301 target_hz=50.00
[task_controller] policy_output_rate_hz=49.84 published=1351 target_hz=50.00
[task_controller] policy_output_rate_hz=49.85 published=1401 target_hz=50.00
[task_controller] policy_output_rate_hz=49.85 published=1451 target_hz=50.00
[task_controller] policy_output_rate_hz=49.85 published=1501 target_hz=50.00
[task_controller] policy_output_rate_hz=49.85 published=1551 target_hz=50.00
[task_controller] policy_output_rate_hz=49.85 published=1601 target_hz=50.00
[task_controller] policy_output_rate_hz=49.85 published=1651 target_hz=50.00
[task_controller] policy_output_rate_hz=49.83 published=1701 target_hz=50.00
[task_controller] policy_output_rate_hz=49.85 published=1751 target_hz=50.00
[task_controller] policy_output_rate_hz=49.85 published=1801 target_hz=50.00
[task_controller] policy_output_rate_hz=49.84 published=1851 target_hz=50.00
[task_controller] policy_output_rate_hz=49.85 published=1901 target_hz=50.00
[task_controller] policy_output_rate_hz=49.86 published=1951 target_hz=50.00
[task_controller] policy_output_rate_hz=49.84 published=2001 target_hz=50.00
[task_controller] policy_output_rate_hz=49.85 published=2051 target_hz=50.00
[task_controller] policy_output_rate_hz=49.84 published=2101 target_hz=50.00
[task_controller] policy_output_rate_hz=49.85 published=2151 target_hz=50.00
[task_controller] policy_output_rate_hz=49.86 published=2201 target_hz=50.00
[task_controller] policy_output_rate_hz=49.85 published=2251 target_hz=50.00
[task_controller] policy_output_rate_hz=49.84 published=2301 target_hz=50.00
[task_controller] policy_output_rate_hz=49.85 published=2351 target_hz=50.00
[task_controller] policy_output_rate_hz=49.86 published=2401 target_hz=50.00
[task_controller] policy_output_rate_hz=49.84 published=2451 target_hz=50.00
[task_controller] policy_output_rate_hz=49.85 published=2501 target_hz=50.00
[task_controller] policy_output_rate_hz=49.84 published=2551 target_hz=50.00
[task_controller] policy_output_rate_hz=49.86 published=2601 target_hz=50.00
[task_controller] policy_output_rate_hz=49.84 published=2651 target_hz=50.00
[task_controller] policy_output_rate_hz=49.85 published=2701 target_hz=50.00
[task_controller] policy_output_rate_hz=49.84 published=2751 target_hz=50.00
[task_controller] policy_output_rate_hz=49.85 published=2801 target_hz=50.00
[task_controller] policy_output_rate_hz=49.85 published=2851 target_hz=50.00
[task_controller] policy_output_rate_hz=49.84 published=2901 target_hz=50.00
[task_controller] policy_output_rate_hz=49.84 published=2951 target_hz=50.00
[task_controller] policy_output_rate_hz=49.84 published=3001 target_hz=50.00
[task_controller] policy_output_rate_hz=49.84 published=3051 target_hz=50.00
[task_controller] policy_output_rate_hz=49.84 published=3101 target_hz=50.00
[task_controller] policy_output_rate_hz=49.85 published=3151 target_hz=50.00
[task_controller] policy_output_rate_hz=49.85 published=3201 target_hz=50.00
[task_controller] policy_output_rate_hz=49.85 published=3251 target_hz=50.00
[task_controller] policy_output_rate_hz=49.84 published=3301 target_hz=50.00
[task_controller] policy_output_rate_hz=49.85 published=3351 target_hz=50.00
[task_controller] policy_output_rate_hz=49.85 published=3401 target_hz=50.00
[task_controller] policy_output_rate_hz=49.85 published=3451 target_hz=50.00
[task_controller] policy_output_rate_hz=49.85 published=3501 target_hz=50.00
[task_controller] policy_output_rate_hz=49.85 published=3551 target_hz=50.00
[task_controller] policy_output_rate_hz=49.84 published=3601 target_hz=50.00
[task_controller] policy_output_rate_hz=49.85 published=3651 target_hz=50.00
[task_controller] policy_output_rate_hz=49.82 published=3701 target_hz=50.00
[task_controller] policy_output_rate_hz=49.86 published=3751 target_hz=50.00
[task_controller] policy_output_rate_hz=49.84 published=3801 target_hz=50.00
[task_controller] policy_output_rate_hz=49.84 published=3851 target_hz=50.00
[task_controller] policy_output_rate_hz=49.85 published=3901 target_hz=50.00
[task_controller] policy_output_rate_hz=49.85 published=3951 target_hz=50.00
[task_controller] policy_output_rate_hz=49.85 published=4001 target_hz=50.00
[task_controller] policy_output_rate_hz=49.84 published=4051 target_hz=50.00
[task_controller] policy_output_rate_hz=49.84 published=4101 target_hz=50.00
[task_controller] policy_output_rate_hz=49.85 published=4151 target_hz=50.00
[task_controller] policy_output_rate_hz=49.85 published=4201 target_hz=50.00
[task_controller] policy_output_rate_hz=49.85 published=4251 target_hz=50.00
[task_controller] policy_output_rate_hz=49.85 published=4301 target_hz=50.00
[task_controller] policy_output_rate_hz=49.85 published=4351 target_hz=50.00
[task_controller] policy_output_rate_hz=49.86 published=4401 target_hz=50.00
[task_controller] policy_output_rate_hz=49.84 published=4451 target_hz=50.00
[task_controller] policy_output_rate_hz=49.84 published=4501 target_hz=50.00
[task_controller] policy_output_rate_hz=49.84 published=4551 target_hz=50.00
[task_controller] policy_output_rate_hz=49.85 published=4601 target_hz=50.00
[task_controller] policy_output_rate_hz=49.86 published=4651 target_hz=50.00
[task_controller] policy_output_rate_hz=49.84 published=4701 target_hz=50.00
[task_controller] policy_output_rate_hz=49.85 published=4751 target_hz=50.00
[task_controller] policy_output_rate_hz=49.86 published=4801 target_hz=50.00
[task_controller] policy_output_rate_hz=49.84 published=4851 target_hz=50.00
[task_controller] policy_output_rate_hz=49.84 published=4901 target_hz=50.00
[task_controller] policy_output_rate_hz=49.85 published=4951 target_hz=50.00
[task_controller] policy_output_rate_hz=49.84 published=5001 target_hz=50.00
[task_controller] policy_output_rate_hz=49.84 published=5051 target_hz=50.00
[task_controller] policy_output_rate_hz=49.85 published=5101 target_hz=50.00
[task_controller] policy_output_rate_hz=49.85 published=5151 target_hz=50.00
[task_controller] policy_output_rate_hz=49.84 published=5201 target_hz=50.00
[task_controller] policy_output_rate_hz=49.85 published=5251 target_hz=50.00
[task_controller] policy_output_rate_hz=49.84 published=5301 target_hz=50.00
[task_controller] policy_output_rate_hz=49.85 published=5351 target_hz=50.00
[task_controller] policy_output_rate_hz=49.84 published=5401 target_hz=50.00
[task_controller] policy_output_rate_hz=49.85 published=5451 target_hz=50.00
[task_controller] policy_output_rate_hz=49.84 published=5501 target_hz=50.00
[task_controller] policy_output_rate_hz=49.85 published=5551 target_hz=50.00
[task_controller] policy_output_rate_hz=49.84 published=5601 target_hz=50.00
[task_controller] policy_output_rate_hz=49.85 published=5651 target_hz=50.00
[task_controller] policy_output_rate_hz=49.84 published=5701 target_hz=50.00
[task_controller] policy_output_rate_hz=49.85 published=5751 target_hz=50.00
[task_controller] policy_output_rate_hz=49.84 published=5801 target_hz=50.00
[task_controller] policy_output_rate_hz=49.85 published=5851 target_hz=50.00
[task_controller] policy_output_rate_hz=49.85 published=5901 target_hz=50.00
[task_controller] policy_output_rate_hz=49.85 published=5951 target_hz=50.00
[task_controller] policy_output_rate_hz=49.85 published=6001 target_hz=50.00
[task_controller] policy_output_rate_hz=49.84 published=6051 target_hz=50.00
[task_controller] policy_output_rate_hz=49.84 published=6101 target_hz=50.00
[task_controller] policy_output_rate_hz=49.84 published=6151 target_hz=50.00
[task_controller] policy_output_rate_hz=49.85 published=6201 target_hz=50.00
[task_controller] policy_output_rate_hz=49.84 published=6251 target_hz=50.00
[task_controller] policy_output_rate_hz=49.86 published=6301 target_hz=50.00
[task_controller] policy_output_rate_hz=49.85 published=6351 target_hz=50.00
[task_controller] policy_output_rate_hz=49.85 published=6401 target_hz=50.00
[task_controller] policy_output_rate_hz=49.84 published=6451 target_hz=50.00
[task_controller] policy_output_rate_hz=49.86 published=6501 target_hz=50.00
[task_controller] policy_output_rate_hz=49.84 published=6551 target_hz=50.00
[task_controller] policy_output_rate_hz=49.85 published=6601 target_hz=50.00
[task_controller] policy_output_rate_hz=49.85 published=6651 target_hz=50.00
[task_controller] policy_output_rate_hz=49.86 published=6701 target_hz=50.00
[task_controller] policy_output_rate_hz=49.84 published=6751 target_hz=50.00
[task_controller] policy_output_rate_hz=49.84 published=6801 target_hz=50.00
[task_controller] policy_output_rate_hz=49.86 published=6851 target_hz=50.00
[task_controller] policy_output_rate_hz=49.83 published=6901 target_hz=50.00
[task_controller] policy_output_rate_hz=49.84 published=6951 target_hz=50.00
[task_controller] policy_output_rate_hz=49.84 published=7001 target_hz=50.00
[task_controller] policy_output_rate_hz=49.84 published=7051 target_hz=50.00
[task_controller] policy_output_rate_hz=49.85 published=7101 target_hz=50.00
[task_controller] policy_output_rate_hz=49.85 published=7151 target_hz=50.00
[task_controller] policy_output_rate_hz=49.85 published=7201 target_hz=50.00
[task_controller] policy_output_rate_hz=49.84 published=7251 target_hz=50.00
[task_controller] policy_output_rate_hz=49.85 published=7301 target_hz=50.00
[task_controller] policy_output_rate_hz=49.85 published=7351 target_hz=50.00
[task_controller] policy_output_rate_hz=49.86 published=7401 target_hz=50.00
[task_controller] policy_output_rate_hz=49.83 published=7451 target_hz=50.00
[task_controller] policy_output_rate_hz=49.85 published=7501 target_hz=50.00
[task_controller] policy_output_rate_hz=49.85 published=7551 target_hz=50.00
[task_controller] policy_output_rate_hz=49.84 published=7601 target_hz=50.00
[task_controller] policy_output_rate_hz=49.85 published=7651 target_hz=50.00
[task_controller] policy_output_rate_hz=49.85 published=7701 target_hz=50.00
[task_controller] policy_output_rate_hz=49.84 published=7751 target_hz=50.00
[task_controller] policy_output_rate_hz=49.83 published=7801 target_hz=50.00
[task_controller] policy_output_rate_hz=49.85 published=7851 target_hz=50.00
[task_controller] policy_output_rate_hz=49.85 published=7901 target_hz=50.00
[task_controller] policy_output_rate_hz=49.84 published=7951 target_hz=50.00
[task_controller] policy_output_rate_hz=49.85 published=8001 target_hz=50.00
[task_controller] policy_output_rate_hz=49.85 published=8051 target_hz=50.00
[task_controller] policy_output_rate_hz=49.85 published=8101 target_hz=50.00
[task_controller] policy_output_rate_hz=49.85 published=8151 target_hz=50.00
[task_controller] policy_output_rate_hz=49.85 published=8201 target_hz=50.00
[task_controller] policy_output_rate_hz=49.86 published=8251 target_hz=50.00
[task_controller] policy_output_rate_hz=49.84 published=8301 target_hz=50.00
[task_controller] policy_output_rate_hz=49.85 published=8351 target_hz=50.00
[task_controller] policy_output_rate_hz=49.84 published=8401 target_hz=50.00
[task_controller] policy_output_rate_hz=49.85 published=8451 target_hz=50.00
[task_controller] policy_output_rate_hz=49.84 published=8501 target_hz=50.00
[task_controller] policy_output_rate_hz=49.84 published=8551 target_hz=50.00
[task_controller] policy_output_rate_hz=49.86 published=8601 target_hz=50.00
[task_controller] policy_output_rate_hz=49.86 published=8651 target_hz=50.00
[task_controller] policy_output_rate_hz=49.84 published=8701 target_hz=50.00
[task_controller] policy_output_rate_hz=49.86 published=8751 target_hz=50.00
[task_controller] policy_output_rate_hz=49.86 published=8801 target_hz=50.00
[task_controller] policy_output_rate_hz=49.86 published=8851 target_hz=50.00
[task_controller] policy_output_rate_hz=49.87 published=8901 target_hz=50.00
[task_controller] policy_output_rate_hz=49.85 published=8951 target_hz=50.00
[task_controller] policy_output_rate_hz=49.85 published=9001 target_hz=50.00
[task_controller] policy_output_rate_hz=49.84 published=9051 target_hz=50.00
[task_controller] policy_output_rate_hz=49.86 published=9101 target_hz=50.00
[task_controller] policy_output_rate_hz=49.84 published=9151 target_hz=50.00
[task_controller] policy_output_rate_hz=49.86 published=9201 target_hz=50.00
[task_controller] policy_output_rate_hz=49.85 published=9251 target_hz=50.00
[task_controller] policy_output_rate_hz=49.84 published=9301 target_hz=50.00
[task_controller] policy_output_rate_hz=49.85 published=9351 target_hz=50.00
[task_controller] policy_output_rate_hz=49.86 published=9401 target_hz=50.00
[task_controller] policy_output_rate_hz=49.85 published=9451 target_hz=50.00
[task_controller] policy_output_rate_hz=49.84 published=9501 target_hz=50.00
[task_controller] policy_output_rate_hz=49.86 published=9551 target_hz=50.00
[task_controller] policy_output_rate_hz=49.85 published=9601 target_hz=50.00
[task_controller] policy_output_rate_hz=49.85 published=9651 target_hz=50.00
[task_controller] policy_output_rate_hz=49.85 published=9701 target_hz=50.00
[task_controller] policy_output_rate_hz=49.84 published=9751 target_hz=50.00
[task_controller] policy_output_rate_hz=49.84 published=9801 target_hz=50.00
[task_controller] policy_output_rate_hz=49.85 published=9851 target_hz=50.00
[task_controller] policy_output_rate_hz=49.85 published=9901 target_hz=50.00
[task_controller] policy_output_rate_hz=49.73 published=9951 target_hz=50.00
[task_controller] policy_output_rate_hz=49.85 published=10001 target_hz=50.00
[task_controller] policy_output_rate_hz=49.85 published=10051 target_hz=50.00
[task_controller] policy_output_rate_hz=49.84 published=10101 target_hz=50.00
[task_controller] policy_output_rate_hz=49.85 published=10151 target_hz=50.00
[task_controller] policy_output_rate_hz=49.84 published=10201 target_hz=50.00
[task_controller] policy_output_rate_hz=49.85 published=10251 target_hz=50.00
[task_controller] policy_output_rate_hz=49.84 published=10301 target_hz=50.00
[task_controller] policy_output_rate_hz=49.85 published=10351 target_hz=50.00
[task_controller] policy_output_rate_hz=49.85 published=10401 target_hz=50.00
[task_controller] policy_output_rate_hz=49.84 published=10451 target_hz=50.00
[task_controller] policy_output_rate_hz=49.86 published=10501 target_hz=50.00
[task_controller] policy_output_rate_hz=49.83 published=10551 target_hz=50.00
[task_controller] policy_output_rate_hz=49.85 published=10601 target_hz=50.00
[task_controller] policy_output_rate_hz=49.86 published=10651 target_hz=50.00
[task_controller] policy_output_rate_hz=49.84 published=10701 target_hz=50.00
[task_controller] policy_output_rate_hz=49.83 published=10751 target_hz=50.00
[task_controller] policy_output_rate_hz=49.86 published=10801 target_hz=50.00
[task_controller] policy_output_rate_hz=49.84 published=10851 target_hz=50.00
[task_controller] policy_output_rate_hz=49.85 published=10901 target_hz=50.00
[task_controller] policy_output_rate_hz=49.84 published=10951 target_hz=50.00
[task_controller] policy_output_rate_hz=49.85 published=11001 target_hz=50.00
[task_controller] policy_output_rate_hz=49.84 published=11051 target_hz=50.00
[task_controller] policy_output_rate_hz=49.86 published=11101 target_hz=50.00
[task_controller] policy_output_rate_hz=49.84 published=11151 target_hz=50.00
[task_controller] policy_output_rate_hz=49.84 published=11201 target_hz=50.00
[task_controller] policy_output_rate_hz=49.84 published=11251 target_hz=50.00
[task_controller] policy_output_rate_hz=49.85 published=11301 target_hz=50.00
[task_controller] policy_output_rate_hz=49.84 published=11351 target_hz=50.00
[task_controller] policy_output_rate_hz=49.84 published=11401 target_hz=50.00
[task_controller] policy_output_rate_hz=49.85 published=11451 target_hz=50.00
[task_controller] policy_output_rate_hz=49.86 published=11501 target_hz=50.00
[task_controller] policy_output_rate_hz=49.85 published=11551 target_hz=50.00
[task_controller] policy_output_rate_hz=49.84 published=11601 target_hz=50.00
[task_controller] policy_output_rate_hz=49.85 published=11651 target_hz=50.00
[task_controller] policy_output_rate_hz=49.84 published=11701 target_hz=50.00
[task_controller] policy_output_rate_hz=49.84 published=11751 target_hz=50.00
[task_controller] policy_output_rate_hz=49.85 published=11801 target_hz=50.00
[task_controller] policy_output_rate_hz=49.86 published=11851 target_hz=50.00
[task_controller] policy_output_rate_hz=49.84 published=11901 target_hz=50.00
[task_controller] policy_output_rate_hz=49.84 published=11951 target_hz=50.00
[task_controller] policy_output_rate_hz=49.85 published=12001 target_hz=50.00
[task_controller] policy_output_rate_hz=49.84 published=12051 target_hz=50.00
[task_controller] policy_output_rate_hz=49.86 published=12101 target_hz=50.00
[task_controller] policy_output_rate_hz=49.84 published=12151 target_hz=50.00
[task_controller] policy_output_rate_hz=49.85 published=12201 target_hz=50.00
[task_controller] policy_output_rate_hz=49.85 published=12251 target_hz=50.00
[task_controller] policy_output_rate_hz=49.85 published=12301 target_hz=50.00
[task_controller] policy_output_rate_hz=49.85 published=12351 target_hz=50.00
[task_controller] policy_output_rate_hz=49.84 published=12401 target_hz=50.00
[task_controller] policy_output_rate_hz=49.85 published=12451 target_hz=50.00
[task_controller] policy_output_rate_hz=49.81 published=12501 target_hz=50.00
[task_controller] policy_output_rate_hz=49.84 published=12551 target_hz=50.00
[task_controller] policy_output_rate_hz=49.85 published=12601 target_hz=50.00
[task_controller] policy_output_rate_hz=49.84 published=12651 target_hz=50.00
[task_controller] policy_output_rate_hz=49.83 published=12701 target_hz=50.00
[task_controller] policy_output_rate_hz=49.86 published=12751 target_hz=50.00
[task_controller] policy_output_rate_hz=49.85 published=12801 target_hz=50.00
[task_controller] policy_output_rate_hz=49.85 published=12851 target_hz=50.00
[task_controller] policy_output_rate_hz=49.84 published=12901 target_hz=50.00
[task_controller] policy_output_rate_hz=49.85 published=12951 target_hz=50.00
[task_controller] policy_output_rate_hz=49.85 published=13001 target_hz=50.00
[task_controller] policy_output_rate_hz=49.84 published=13051 target_hz=50.00
[task_controller] policy_output_rate_hz=49.86 published=13101 target_hz=50.00
[task_controller] policy_output_rate_hz=49.85 published=13151 target_hz=50.00
[task_controller] policy_output_rate_hz=49.85 published=13201 target_hz=50.00
[task_controller] policy_output_rate_hz=49.85 published=13251 target_hz=50.00
[task_controller] policy_output_rate_hz=49.85 published=13301 target_hz=50.00
[task_controller] policy_output_rate_hz=49.84 published=13351 target_hz=50.00
[task_controller] policy_output_rate_hz=49.84 published=13401 target_hz=50.00
[task_controller] policy_output_rate_hz=49.85 published=13451 target_hz=50.00
[task_controller] policy_output_rate_hz=49.86 published=13501 target_hz=50.00
[task_controller] policy_output_rate_hz=49.85 published=13551 target_hz=50.00
[task_controller] policy_output_rate_hz=49.84 published=13601 target_hz=50.00
[task_controller] policy_output_rate_hz=49.86 published=13651 target_hz=50.00
[task_controller] policy_output_rate_hz=49.85 published=13701 target_hz=50.00
[task_controller] policy_output_rate_hz=49.83 published=13751 target_hz=50.00
[task_controller] policy_output_rate_hz=49.85 published=13801 target_hz=50.00
[task_controller] policy_output_rate_hz=49.85 published=13851 target_hz=50.00
[task_controller] policy_output_rate_hz=49.84 published=13901 target_hz=50.00
[task_controller] policy_output_rate_hz=49.85 published=13951 target_hz=50.00
[task_controller] policy_output_rate_hz=49.85 published=14001 target_hz=50.00
[task_controller] policy_output_rate_hz=49.85 published=14051 target_hz=50.00
[task_controller] policy_output_rate_hz=49.85 published=14101 target_hz=50.00
[task_controller] policy_output_rate_hz=49.86 published=14151 target_hz=50.00
[task_controller] policy_output_rate_hz=49.85 published=14201 target_hz=50.00
[task_controller] policy_output_rate_hz=49.85 published=14251 target_hz=50.00
[task_controller] policy_output_rate_hz=49.85 published=14301 target_hz=50.00
[task_controller] policy_output_rate_hz=49.86 published=14351 target_hz=50.00
[task_controller] policy_output_rate_hz=49.84 published=14401 target_hz=50.00
[task_controller] policy_output_rate_hz=49.84 published=14451 target_hz=50.00
[task_controller] policy_output_rate_hz=49.85 published=14501 target_hz=50.00
[task_controller] policy_output_rate_hz=49.86 published=14551 target_hz=50.00
[task_controller] policy_output_rate_hz=49.86 published=14601 target_hz=50.00
[task_controller] policy_output_rate_hz=49.85 published=14651 target_hz=50.00
[task_controller] policy_output_rate_hz=49.85 published=14701 target_hz=50.00
[task_controller] policy_output_rate_hz=49.85 published=14751 target_hz=50.00
[task_controller] policy_output_rate_hz=49.85 published=14801 target_hz=50.00
[task_controller] policy_output_rate_hz=49.85 published=14851 target_hz=50.00
[task_controller] policy_output_rate_hz=49.84 published=14901 target_hz=50.00
[task_controller] policy_output_rate_hz=49.84 published=14951 target_hz=50.00
[task_controller] policy_output_rate_hz=49.85 published=15001 target_hz=50.00
[task_controller] policy_output_rate_hz=49.84 published=15051 target_hz=50.00
[task_controller] policy_output_rate_hz=49.84 published=15101 target_hz=50.00
[task_controller] policy_output_rate_hz=49.85 published=15151 target_hz=50.00
[task_controller] policy_output_rate_hz=49.85 published=15201 target_hz=50.00
[task_controller] policy_output_rate_hz=49.84 published=15251 target_hz=50.00
[task_controller] policy_output_rate_hz=49.85 published=15301 target_hz=50.00
[task_controller] policy_output_rate_hz=49.85 published=15351 target_hz=50.00
[task_controller] policy_output_rate_hz=49.85 published=15401 target_hz=50.00
[task_controller] policy_output_rate_hz=49.84 published=15451 target_hz=50.00
[task_controller] policy_output_rate_hz=49.86 published=15501 target_hz=50.00
[task_controller] policy_output_rate_hz=49.85 published=15551 target_hz=50.00
[task_controller] policy_output_rate_hz=49.85 published=15601 target_hz=50.00
[task_controller] policy_output_rate_hz=49.83 published=15651 target_hz=50.00
[task_controller] policy_output_rate_hz=49.84 published=15701 target_hz=50.00
[task_controller] policy_output_rate_hz=49.86 published=15751 target_hz=50.00
[task_controller] policy_output_rate_hz=49.84 published=15801 target_hz=50.00
[task_controller] policy_output_rate_hz=49.85 published=15851 target_hz=50.00
[task_controller] policy_output_rate_hz=49.85 published=15901 target_hz=50.00
[task_controller] policy_output_rate_hz=49.84 published=15951 target_hz=50.00
[task_controller] policy_output_rate_hz=49.85 published=16001 target_hz=50.00
[task_controller] policy_output_rate_hz=49.84 published=16051 target_hz=50.00
[task_controller] policy_output_rate_hz=49.86 published=16101 target_hz=50.00
[task_controller] policy_output_rate_hz=49.84 published=16151 target_hz=50.00
[task_controller] policy_output_rate_hz=49.84 published=16201 target_hz=50.00
[task_controller] policy_output_rate_hz=49.84 published=16251 target_hz=50.00
[task_controller] policy_output_rate_hz=49.84 published=16301 target_hz=50.00
[task_controller] policy_output_rate_hz=49.85 published=16351 target_hz=50.00
[task_controller] policy_output_rate_hz=49.86 published=16401 target_hz=50.00
[task_controller] policy_output_rate_hz=49.84 published=16451 target_hz=50.00
[task_controller] policy_output_rate_hz=49.86 published=16501 target_hz=50.00
[task_controller] policy_output_rate_hz=49.84 published=16551 target_hz=50.00
[task_controller] policy_output_rate_hz=49.84 published=16601 target_hz=50.00
[task_controller] policy_output_rate_hz=49.86 published=16651 target_hz=50.00
[task_controller] policy_output_rate_hz=49.84 published=16701 target_hz=50.00
[task_controller] policy_output_rate_hz=49.86 published=16751 target_hz=50.00
[task_controller] policy_output_rate_hz=49.85 published=16801 target_hz=50.00
[task_controller] policy_output_rate_hz=49.85 published=16851 target_hz=50.00
[task_controller] policy_output_rate_hz=49.84 published=16901 target_hz=50.00
[task_controller] policy_output_rate_hz=49.84 published=16951 target_hz=50.00
[task_controller] policy_output_rate_hz=49.85 published=17001 target_hz=50.00
[task_controller] policy_output_rate_hz=49.85 published=17051 target_hz=50.00
[task_controller] policy_output_rate_hz=49.85 published=17101 target_hz=50.00
[task_controller] policy_output_rate_hz=49.85 published=17151 target_hz=50.00
[task_controller] policy_output_rate_hz=49.85 published=17201 target_hz=50.00
[task_controller] policy_output_rate_hz=49.84 published=17251 target_hz=50.00
[task_controller] policy_output_rate_hz=49.84 published=17301 target_hz=50.00
[task_controller] policy_output_rate_hz=49.86 published=17351 target_hz=50.00
[task_controller] policy_output_rate_hz=49.84 published=17401 target_hz=50.00
[task_controller] policy_output_rate_hz=49.84 published=17451 target_hz=50.00
[task_controller] policy_output_rate_hz=49.84 published=17501 target_hz=50.00
[task_controller] policy_output_rate_hz=49.85 published=17551 target_hz=50.00
[task_controller] policy_output_rate_hz=49.84 published=17601 target_hz=50.00
[task_controller] policy_output_rate_hz=49.84 published=17651 target_hz=50.00
[task_controller] policy_output_rate_hz=49.84 published=17701 target_hz=50.00
[task_controller] policy_output_rate_hz=49.85 published=17751 target_hz=50.00
[task_controller] policy_output_rate_hz=49.86 published=17801 target_hz=50.00
[task_controller] policy_output_rate_hz=49.86 published=17851 target_hz=50.00
[task_controller] policy_output_rate_hz=49.86 published=17901 target_hz=50.00
[task_controller] policy_output_rate_hz=49.86 published=17951 target_hz=50.00
[task_controller] policy_output_rate_hz=49.85 published=18001 target_hz=50.00
[task_controller] policy_output_rate_hz=49.84 published=18051 target_hz=50.00
[task_controller] policy_output_rate_hz=49.86 published=18101 target_hz=50.00
[task_controller] policy_output_rate_hz=49.84 published=18151 target_hz=50.00
[task_controller] policy_output_rate_hz=49.86 published=18201 target_hz=50.00
[task_controller] policy_output_rate_hz=49.85 published=18251 target_hz=50.00
[task_controller] policy_output_rate_hz=49.85 published=18301 target_hz=50.00
[task_controller] policy_output_rate_hz=49.85 published=18351 target_hz=50.00
[task_controller] policy_output_rate_hz=49.85 published=18401 target_hz=50.00
[task_controller] policy_output_rate_hz=49.85 published=18451 target_hz=50.00
[task_controller] policy_output_rate_hz=49.85 published=18501 target_hz=50.00
[task_controller] policy_output_rate_hz=49.83 published=18551 target_hz=50.00
[task_controller] policy_output_rate_hz=49.84 published=18601 target_hz=50.00
[task_controller] policy_output_rate_hz=49.84 published=18651 target_hz=50.00
[task_controller] policy_output_rate_hz=49.84 published=18701 target_hz=50.00
[task_controller] policy_output_rate_hz=49.85 published=18751 target_hz=50.00
[task_controller] policy_output_rate_hz=49.84 published=18801 target_hz=50.00
[task_controller] policy_output_rate_hz=49.85 published=18851 target_hz=50.00
[task_controller] policy_output_rate_hz=49.85 published=18901 target_hz=50.00
[task_controller] policy_output_rate_hz=49.85 published=18951 target_hz=50.00
[task_controller] policy_output_rate_hz=49.84 published=19001 target_hz=50.00
[task_controller] policy_output_rate_hz=49.85 published=19051 target_hz=50.00
[task_controller] policy_output_rate_hz=49.85 published=19101 target_hz=50.00
[task_controller] policy_output_rate_hz=49.84 published=19151 target_hz=50.00
[task_controller] policy_output_rate_hz=49.86 published=19201 target_hz=50.00
[task_controller] policy_output_rate_hz=49.84 published=19251 target_hz=50.00
[task_controller] policy_output_rate_hz=49.85 published=19301 target_hz=50.00
[task_controller] policy_output_rate_hz=49.84 published=19351 target_hz=50.00
[task_controller] policy_output_rate_hz=49.84 published=19401 target_hz=50.00
[task_controller] policy_output_rate_hz=49.86 published=19451 target_hz=50.00
[task_controller] policy_output_rate_hz=49.84 published=19501 target_hz=50.00
[task_controller] policy_output_rate_hz=49.85 published=19551 target_hz=50.00
[task_controller] policy_output_rate_hz=49.84 published=19601 target_hz=50.00
[task_controller] policy_output_rate_hz=49.85 published=19651 target_hz=50.00
[task_controller] policy_output_rate_hz=49.86 published=19701 target_hz=50.00
[task_controller] policy_output_rate_hz=49.83 published=19751 target_hz=50.00
[task_controller] policy_output_rate_hz=49.85 published=19801 target_hz=50.00
[task_controller] policy_output_rate_hz=49.84 published=19851 target_hz=50.00
[task_controller] policy_output_rate_hz=49.85 published=19901 target_hz=50.00
[task_controller] policy_output_rate_hz=49.84 published=19951 target_hz=50.00
[task_controller] policy_output_rate_hz=49.85 published=20001 target_hz=50.00
[task_controller] policy_output_rate_hz=49.86 published=20051 target_hz=50.00
[task_controller] policy_output_rate_hz=49.84 published=20101 target_hz=50.00
[task_controller] policy_output_rate_hz=49.85 published=20151 target_hz=50.00
[task_controller] policy_output_rate_hz=49.85 published=20201 target_hz=50.00
[task_controller] policy_output_rate_hz=49.85 published=20251 target_hz=50.00
[task_controller] policy_output_rate_hz=49.85 published=20301 target_hz=50.00
[task_controller] policy_output_rate_hz=49.84 published=20351 target_hz=50.00
[task_controller] policy_output_rate_hz=49.85 published=20401 target_hz=50.00
[task_controller] policy_output_rate_hz=49.84 published=20451 target_hz=50.00
[task_controller] policy_output_rate_hz=49.86 published=20501 target_hz=50.00
[task_controller] policy_output_rate_hz=49.85 published=20551 target_hz=50.00
[task_controller] policy_output_rate_hz=49.84 published=20601 target_hz=50.00
[task_controller] policy_output_rate_hz=49.85 published=20651 target_hz=50.00
[task_controller] policy_output_rate_hz=49.85 published=20701 target_hz=50.00
[task_controller] policy_output_rate_hz=49.83 published=20751 target_hz=50.00
[task_controller] policy_output_rate_hz=49.85 published=20801 target_hz=50.00
[task_controller] policy_output_rate_hz=49.85 published=20851 target_hz=50.00
[task_controller] policy_output_rate_hz=49.84 published=20901 target_hz=50.00
[task_controller] policy_output_rate_hz=49.85 published=20951 target_hz=50.00
[task_controller] policy_output_rate_hz=49.84 published=21001 target_hz=50.00
[task_controller] policy_output_rate_hz=49.77 published=21051 target_hz=50.00
[task_controller] policy_output_rate_hz=49.84 published=21101 target_hz=50.00
[task_controller] policy_output_rate_hz=49.84 published=21151 target_hz=50.00
[task_controller] policy_output_rate_hz=49.85 published=21201 target_hz=50.00
[task_controller] policy_output_rate_hz=49.84 published=21251 target_hz=50.00
[task_controller] policy_output_rate_hz=49.85 published=21301 target_hz=50.00
[task_controller] policy_output_rate_hz=49.85 published=21351 target_hz=50.00
[task_controller] policy_output_rate_hz=49.84 published=21401 target_hz=50.00
[task_controller] policy_output_rate_hz=49.85 published=21451 target_hz=50.00
[task_controller] policy_output_rate_hz=49.85 published=21501 target_hz=50.00
[task_controller] policy_output_rate_hz=49.85 published=21551 target_hz=50.00
[task_controller] policy_output_rate_hz=49.85 published=21601 target_hz=50.00
[task_controller] policy_output_rate_hz=49.85 published=21651 target_hz=50.00
[task_controller] policy_output_rate_hz=49.86 published=21701 target_hz=50.00
[task_controller] policy_output_rate_hz=49.86 published=21751 target_hz=50.00
[task_controller] policy_output_rate_hz=49.84 published=21801 target_hz=50.00
[task_controller] policy_output_rate_hz=49.85 published=21851 target_hz=50.00
[task_controller] policy_output_rate_hz=49.84 published=21901 target_hz=50.00
[task_controller] policy_output_rate_hz=49.85 published=21951 target_hz=50.00
[task_controller] policy_output_rate_hz=49.84 published=22001 target_hz=50.00
[task_controller] policy_output_rate_hz=49.85 published=22051 target_hz=50.00
[task_controller] policy_output_rate_hz=49.84 published=22101 target_hz=50.00
[task_controller] policy_output_rate_hz=49.86 published=22151 target_hz=50.00
[task_controller] policy_output_rate_hz=49.81 published=22201 target_hz=50.00
[task_controller] policy_output_rate_hz=49.85 published=22251 target_hz=50.00
[task_controller] policy_output_rate_hz=49.84 published=22301 target_hz=50.00
[task_controller] policy_output_rate_hz=49.85 published=22351 target_hz=50.00
[task_controller] policy_output_rate_hz=49.83 published=22401 target_hz=50.00
[task_controller] policy_output_rate_hz=49.85 published=22451 target_hz=50.00
[task_controller] policy_output_rate_hz=49.84 published=22501 target_hz=50.00
[task_controller] policy_output_rate_hz=49.85 published=22551 target_hz=50.00
[task_controller] policy_output_rate_hz=49.84 published=22601 target_hz=50.00
[task_controller] policy_output_rate_hz=49.85 published=22651 target_hz=50.00
[task_controller] policy_output_rate_hz=49.85 published=22701 target_hz=50.00
[task_controller] policy_output_rate_hz=49.84 published=22751 target_hz=50.00
[task_controller] policy_output_rate_hz=49.84 published=22801 target_hz=50.00
[task_controller] policy_output_rate_hz=49.84 published=22851 target_hz=50.00
[task_controller] policy_output_rate_hz=49.85 published=22901 target_hz=50.00
[task_controller] policy_output_rate_hz=49.85 published=22951 target_hz=50.00
[task_controller] policy_output_rate_hz=49.84 published=23001 target_hz=50.00
[task_controller] policy_output_rate_hz=49.84 published=23051 target_hz=50.00
[task_controller] policy_output_rate_hz=49.84 published=23101 target_hz=50.00
[task_controller] policy_output_rate_hz=49.81 published=23151 target_hz=50.00
[task_controller] policy_output_rate_hz=49.84 published=23201 target_hz=50.00
[task_controller] policy_output_rate_hz=49.85 published=23251 target_hz=50.00
[task_controller] policy_output_rate_hz=49.84 published=23301 target_hz=50.00
[task_controller] policy_output_rate_hz=49.85 published=23351 target_hz=50.00
[task_controller] policy_output_rate_hz=49.84 published=23401 target_hz=50.00
[task_controller] policy_output_rate_hz=49.84 published=23451 target_hz=50.00
[task_controller] policy_output_rate_hz=49.84 published=23501 target_hz=50.00
[task_controller] policy_output_rate_hz=49.85 published=23551 target_hz=50.00
[task_controller] policy_output_rate_hz=49.84 published=23601 target_hz=50.00
[task_controller] policy_output_rate_hz=49.85 published=23651 target_hz=50.00
[task_controller] policy_output_rate_hz=49.85 published=23701 target_hz=50.00
[task_controller] policy_output_rate_hz=49.84 published=23751 target_hz=50.00
[task_controller] policy_output_rate_hz=49.85 published=23801 target_hz=50.00
[task_controller] policy_output_rate_hz=49.84 published=23851 target_hz=50.00
[task_controller] policy_output_rate_hz=49.85 published=23901 target_hz=50.00
[task_controller] policy_output_rate_hz=49.85 published=23951 target_hz=50.00
[task_controller] policy_output_rate_hz=49.85 published=24001 target_hz=50.00
[task_controller] policy_output_rate_hz=49.84 published=24051 target_hz=50.00
[task_controller] policy_output_rate_hz=49.85 published=24101 target_hz=50.00
[task_controller] policy_output_rate_hz=49.84 published=24151 target_hz=50.00
[task_controller] policy_output_rate_hz=49.85 published=24201 target_hz=50.00
[task_controller] policy_output_rate_hz=49.85 published=24251 target_hz=50.00
[task_controller] policy_output_rate_hz=49.84 published=24301 target_hz=50.00
[task_controller] policy_output_rate_hz=49.85 published=24351 target_hz=50.00
[task_controller] policy_output_rate_hz=49.85 published=24401 target_hz=50.00
[task_controller] policy_output_rate_hz=49.84 published=24451 target_hz=50.00
[task_controller] policy_output_rate_hz=49.84 published=24501 target_hz=50.00
[task_controller] policy_output_rate_hz=49.84 published=24551 target_hz=50.00
[task_controller] policy_output_rate_hz=49.85 published=24601 target_hz=50.00
[task_controller] policy_output_rate_hz=49.85 published=24651 target_hz=50.00
[task_controller] policy_output_rate_hz=49.84 published=24701 target_hz=50.00
[task_controller] policy_output_rate_hz=49.85 published=24751 target_hz=50.00
[task_controller] policy_output_rate_hz=49.84 published=24801 target_hz=50.00
[task_controller] policy_output_rate_hz=49.84 published=24851 target_hz=50.00
[task_controller] policy_output_rate_hz=49.85 published=24901 target_hz=50.00
[task_controller] policy_output_rate_hz=49.84 published=24951 target_hz=50.00
[task_controller] policy_output_rate_hz=49.84 published=25001 target_hz=50.00
[task_controller] policy_output_rate_hz=49.85 published=25051 target_hz=50.00
[task_controller] policy_output_rate_hz=49.84 published=25101 target_hz=50.00
[task_controller] policy_output_rate_hz=49.85 published=25151 target_hz=50.00
[task_controller] policy_output_rate_hz=49.84 published=25201 target_hz=50.00
[task_controller] policy_output_rate_hz=49.85 published=25251 target_hz=50.00
[task_controller] policy_output_rate_hz=49.85 published=25301 target_hz=50.00
[task_controller] policy_output_rate_hz=49.85 published=25351 target_hz=50.00
[task_controller] policy_output_rate_hz=49.84 published=25401 target_hz=50.00
[task_controller] policy_output_rate_hz=49.85 published=25451 target_hz=50.00
[task_controller] policy_output_rate_hz=49.85 published=25501 target_hz=50.00
[task_controller] policy_output_rate_hz=49.85 published=25551 target_hz=50.00
[task_controller] policy_output_rate_hz=49.85 published=25601 target_hz=50.00
[task_controller] policy_output_rate_hz=49.84 published=25651 target_hz=50.00
[task_controller] policy_output_rate_hz=49.85 published=25701 target_hz=50.00
[task_controller] policy_output_rate_hz=49.83 published=25751 target_hz=50.00
[task_controller] policy_output_rate_hz=49.84 published=25801 target_hz=50.00
[task_controller] policy_output_rate_hz=49.85 published=25851 target_hz=50.00
[task_controller] policy_output_rate_hz=49.84 published=25901 target_hz=50.00
[task_controller] policy_output_rate_hz=49.84 published=25951 target_hz=50.00
[task_controller] policy_output_rate_hz=49.84 published=26001 target_hz=50.00
[task_controller] policy_output_rate_hz=49.85 published=26051 target_hz=50.00
[task_controller] policy_output_rate_hz=49.85 published=26101 target_hz=50.00
[task_controller] policy_output_rate_hz=49.84 published=26151 target_hz=50.00
[task_controller] policy_output_rate_hz=49.85 published=26201 target_hz=50.00
[task_controller] policy_output_rate_hz=49.85 published=26251 target_hz=50.00
[task_controller] policy_output_rate_hz=49.85 published=26301 target_hz=50.00
[task_controller] policy_output_rate_hz=49.84 published=26351 target_hz=50.00
[task_controller] policy_output_rate_hz=49.85 published=26401 target_hz=50.00
[task_controller] policy_output_rate_hz=49.85 published=26451 target_hz=50.00
[task_controller] policy_output_rate_hz=49.85 published=26501 target_hz=50.00
[task_controller] policy_output_rate_hz=49.85 published=26551 target_hz=50.00
[task_controller] policy_output_rate_hz=49.83 published=26601 target_hz=50.00
[task_controller] policy_output_rate_hz=49.85 published=26651 target_hz=50.00
[task_controller] policy_output_rate_hz=49.84 published=26701 target_hz=50.00
[task_controller] policy_output_rate_hz=49.84 published=26751 target_hz=50.00
[task_controller] policy_output_rate_hz=49.84 published=26801 target_hz=50.00
[task_controller] policy_output_rate_hz=49.85 published=26851 target_hz=50.00
[task_controller] policy_output_rate_hz=49.83 published=26901 target_hz=50.00
[task_controller] policy_output_rate_hz=49.84 published=26951 target_hz=50.00
[task_controller] policy_output_rate_hz=49.85 published=27001 target_hz=50.00
[task_controller] policy_output_rate_hz=49.84 published=27051 target_hz=50.00
[task_controller] policy_output_rate_hz=49.85 published=27101 target_hz=50.00
[task_controller] policy_output_rate_hz=49.84 published=27151 target_hz=50.00
[task_controller] policy_output_rate_hz=49.85 published=27201 target_hz=50.00
[task_controller] policy_output_rate_hz=49.84 published=27251 target_hz=50.00
[task_controller] policy_output_rate_hz=49.86 published=27301 target_hz=50.00
[task_controller] policy_output_rate_hz=49.85 published=27351 target_hz=50.00
[task_controller] policy_output_rate_hz=49.85 published=27401 target_hz=50.00
[task_controller] policy_output_rate_hz=49.84 published=27451 target_hz=50.00
[task_controller] policy_output_rate_hz=49.85 published=27501 target_hz=50.00
[task_controller] policy_output_rate_hz=49.84 published=27551 target_hz=50.00
[task_controller] policy_output_rate_hz=49.85 published=27601 target_hz=50.00
[task_controller] policy_output_rate_hz=49.85 published=27651 target_hz=50.00
[task_controller] policy_output_rate_hz=49.85 published=27701 target_hz=50.00
[task_controller] policy_output_rate_hz=49.85 published=27751 target_hz=50.00
[task_controller] policy_output_rate_hz=49.85 published=27801 target_hz=50.00
[task_controller] policy_output_rate_hz=49.86 published=27851 target_hz=50.00
[task_controller] policy_output_rate_hz=49.83 published=27901 target_hz=50.00
[task_controller] policy_output_rate_hz=49.85 published=27951 target_hz=50.00
[task_controller] policy_output_rate_hz=49.87 published=28001 target_hz=50.00
[task_controller] policy_output_rate_hz=49.86 published=28051 target_hz=50.00
[task_controller] policy_output_rate_hz=49.85 published=28101 target_hz=50.00
[task_controller] policy_output_rate_hz=49.86 published=28151 target_hz=50.00
[task_controller] policy_output_rate_hz=49.84 published=28201 target_hz=50.00
[task_controller] policy_output_rate_hz=49.85 published=28251 target_hz=50.00
[task_controller] policy_output_rate_hz=49.85 published=28301 target_hz=50.00
[task_controller] policy_output_rate_hz=49.84 published=28351 target_hz=50.00
[task_controller] policy_output_rate_hz=49.85 published=28401 target_hz=50.00
[task_controller] policy_output_rate_hz=49.85 published=28451 target_hz=50.00
[task_controller] policy_output_rate_hz=49.85 published=28501 target_hz=50.00
[task_controller] policy_output_rate_hz=49.85 published=28551 target_hz=50.00
[task_controller] policy_output_rate_hz=49.84 published=28601 target_hz=50.00
[task_controller] policy_output_rate_hz=49.85 published=28651 target_hz=50.00
[task_controller] policy_output_rate_hz=49.85 published=28701 target_hz=50.00
[task_controller] policy_output_rate_hz=49.85 published=28751 target_hz=50.00
[task_controller] policy_output_rate_hz=49.85 published=28801 target_hz=50.00
[task_controller] policy_output_rate_hz=49.85 published=28851 target_hz=50.00
[task_controller] policy_output_rate_hz=49.85 published=28901 target_hz=50.00
[task_controller] policy_output_rate_hz=49.85 published=28951 target_hz=50.00
[task_controller] policy_output_rate_hz=49.83 published=29001 target_hz=50.00
[task_controller] policy_output_rate_hz=49.86 published=29051 target_hz=50.00
[task_controller] policy_output_rate_hz=49.84 published=29101 target_hz=50.00
[task_controller] policy_output_rate_hz=49.85 published=29151 target_hz=50.00
[task_controller] policy_output_rate_hz=49.84 published=29201 target_hz=50.00
[task_controller] policy_output_rate_hz=49.84 published=29251 target_hz=50.00
[task_controller] policy_output_rate_hz=49.86 published=29301 target_hz=50.00
[task_controller] policy_output_rate_hz=49.84 published=29351 target_hz=50.00
[task_controller] policy_output_rate_hz=49.86 published=29401 target_hz=50.00
[task_controller] policy_output_rate_hz=49.84 published=29451 target_hz=50.00
[task_controller] policy_output_rate_hz=49.86 published=29501 target_hz=50.00
[task_controller] policy_output_rate_hz=49.85 published=29551 target_hz=50.00
[task_controller] policy_output_rate_hz=49.84 published=29601 target_hz=50.00
[task_controller] policy_output_rate_hz=49.85 published=29651 target_hz=50.00
[task_controller] policy_output_rate_hz=49.85 published=29701 target_hz=50.00
[task_controller] policy_output_rate_hz=49.85 published=29751 target_hz=50.00
[task_controller] policy_output_rate_hz=49.85 published=29801 target_hz=50.00
[task_controller] policy_output_rate_hz=49.84 published=29851 target_hz=50.00
[task_controller] policy_output_rate_hz=49.85 published=29901 target_hz=50.00
[task_controller] policy_output_rate_hz=49.84 published=29951 target_hz=50.00
[task_controller] policy_output_rate_hz=49.85 published=30001 target_hz=50.00
[task_controller] policy_output_rate_hz=49.85 published=30051 target_hz=50.00
[task_controller] policy_output_rate_hz=49.84 published=30101 target_hz=50.00
[task_controller] policy_output_rate_hz=49.85 published=30151 target_hz=50.00
[task_controller] policy_output_rate_hz=49.85 published=30201 target_hz=50.00
[task_controller] policy_output_rate_hz=49.85 published=30251 target_hz=50.00
[task_controller] policy_output_rate_hz=49.84 published=30301 target_hz=50.00
[task_controller] policy_output_rate_hz=49.84 published=30351 target_hz=50.00
[task_controller] policy_output_rate_hz=49.86 published=30401 target_hz=50.00
[task_controller] policy_output_rate_hz=49.84 published=30451 target_hz=50.00
[task_controller] policy_output_rate_hz=49.84 published=30501 target_hz=50.00
[task_controller] policy_output_rate_hz=49.85 published=30551 target_hz=50.00
[task_controller] policy_output_rate_hz=49.85 published=30601 target_hz=50.00
[task_controller] policy_output_rate_hz=49.84 published=30651 target_hz=50.00
[task_controller] policy_output_rate_hz=49.81 published=30701 target_hz=50.00
[task_controller] policy_output_rate_hz=49.89 published=30751 target_hz=50.00
[task_controller] policy_output_rate_hz=49.84 published=30801 target_hz=50.00
[task_controller] policy_output_rate_hz=49.85 published=30851 target_hz=50.00
[task_controller] policy_output_rate_hz=49.85 published=30901 target_hz=50.00
[task_controller] policy_output_rate_hz=49.84 published=30951 target_hz=50.00
[task_controller] policy_output_rate_hz=49.84 published=31001 target_hz=50.00
[task_controller] policy_output_rate_hz=49.84 published=31051 target_hz=50.00
[task_controller] policy_output_rate_hz=49.84 published=31101 target_hz=50.00
[task_controller] policy_output_rate_hz=49.84 published=31151 target_hz=50.00
[task_controller] policy_output_rate_hz=49.86 published=31201 target_hz=50.00
[task_controller] policy_output_rate_hz=49.85 published=31251 target_hz=50.00
[task_controller] policy_output_rate_hz=49.85 published=31301 target_hz=50.00
[task_controller] policy_output_rate_hz=49.84 published=31351 target_hz=50.00
[task_controller] policy_output_rate_hz=49.85 published=31401 target_hz=50.00
[task_controller] policy_output_rate_hz=49.84 published=31451 target_hz=50.00
[task_controller] policy_output_rate_hz=49.85 published=31501 target_hz=50.00
[task_controller] policy_output_rate_hz=49.83 published=31551 target_hz=50.00
[task_controller] policy_output_rate_hz=49.85 published=31601 target_hz=50.00
[task_controller] policy_output_rate_hz=49.85 published=31651 target_hz=50.00
[task_controller] policy_output_rate_hz=49.85 published=31701 target_hz=50.00
[task_controller] policy_output_rate_hz=49.85 published=31751 target_hz=50.00
[task_controller] policy_output_rate_hz=49.85 published=31801 target_hz=50.00
[task_controller] policy_output_rate_hz=49.84 published=31851 target_hz=50.00
[task_controller] policy_output_rate_hz=49.84 published=31901 target_hz=50.00
[task_controller] signal 15, shutting down
