[process_supervisor] log file: /home/kale/QHRR_control/log/20260525_145056/task_controller.log
[task_controller] loaded policy qhrr: /home/kale/QHRR_control/policy/qhrr/qhrr/policy.onnx
[task_controller] control=qhrr_control_state aux=qhrr_aux_command mit=qhrr_mit_command
[task_controller] target_policy_output_hz=50.000 rate_log_interval_s=1.0
[task_controller] waiting for numeric control_state
[task_controller] still waiting: control_state SHM is not ready for policy input: actuator 0x141 position_rad is not available yet
[task_controller] still waiting: control_state SHM is not ready for policy input: actuator 0x141 position_rad is not available yet
[task_controller] still waiting: control_state SHM is not ready for policy input: actuator 0x141 position_rad is not available yet
[task_controller] still waiting: control_state SHM is not ready for policy input: actuator 0x141 position_rad is not available yet
[task_controller] still waiting: control_state SHM is not ready for policy input: actuator 0x141 position_rad is not available yet
[task_controller] still waiting: control_state SHM is not ready for policy input: actuator 0x141 position_rad is not available yet
[task_controller] still waiting: control_state SHM is not ready for policy input: actuator 0x141 position_rad is not available yet
[task_controller] numeric control_state received
[task_controller] policy_output_rate_hz=50.86 published=51 target_hz=50.00
[task_controller] policy_output_rate_hz=49.86 published=101 target_hz=50.00
[task_controller] policy_output_rate_hz=49.86 published=151 target_hz=50.00
[task_controller] policy_output_rate_hz=49.86 published=201 target_hz=50.00
[task_controller] policy_output_rate_hz=49.86 published=251 target_hz=50.00
[task_controller] policy_output_rate_hz=49.85 published=301 target_hz=50.00
[task_controller] policy_output_rate_hz=49.86 published=351 target_hz=50.00
[task_controller] policy_output_rate_hz=49.85 published=401 target_hz=50.00
[task_controller] policy_output_rate_hz=49.86 published=451 target_hz=50.00
[task_controller] waiting for numeric control_state: control_state SHM has no committed payload
[task_controller] policy_output_rate_hz=48.86 published=500 target_hz=50.00
[task_controller] policy_output_rate_hz=49.86 published=550 target_hz=50.00
[task_controller] policy_output_rate_hz=49.86 published=600 target_hz=50.00
[task_controller] policy_output_rate_hz=49.85 published=650 target_hz=50.00
[task_controller] policy_output_rate_hz=49.85 published=700 target_hz=50.00
[task_controller] waiting for numeric control_state: control_state SHM has no committed payload
[task_controller] policy_output_rate_hz=48.85 published=749 target_hz=50.00
[task_controller] policy_output_rate_hz=49.85 published=799 target_hz=50.00
[task_controller] policy_output_rate_hz=49.84 published=849 target_hz=50.00
[task_controller] policy_output_rate_hz=49.82 published=899 target_hz=50.00
[task_controller] policy_output_rate_hz=49.86 published=949 target_hz=50.00
Traceback (most recent call last):
  File "<frozen runpy>", line 198, in _run_module_as_main
  File "<frozen runpy>", line 88, in _run_code
  File "/home/kale/QHRR_control/robot_controller/process/task_controller/main.py", line 187, in <module>
    raise SystemExit(main())
                     ^^^^^^
  File "/home/kale/QHRR_control/robot_controller/process/task_controller/main.py", line 129, in main
    control_state = control_reader.latest_ready(can_ids)
                    ^^^^^^^^^^^^^^^^^^^^^^^^^^^^^^^^^^^^
  File "/home/kale/QHRR_control/robot_controller/process/task_controller/shm_io.py", line 35, in latest_ready
    state = self.reader.read_latest()
            ^^^^^^^^^^^^^^^^^^^^^^^^^
  File "/home/kale/QHRR_control/robot_controller/core/robot_state_shm.py", line 79, in read_latest
    raise RuntimeError(
RuntimeError: Robot state SHM layout mismatch: magic=0x0, version=0
