[process_supervisor] log file: /home/kale/QHRR_control/log/20260525_142948/task_controller.log
[task_controller] loaded policy qhrr: /home/kale/QHRR_control/policy/qhrr/qhrr/policy.onnx
[task_controller] control=qhrr_control_state aux=qhrr_aux_command mit=qhrr_mit_command
[task_controller] target_policy_output_hz=50.000 rate_log_interval_s=1.0
[task_controller] waiting for numeric control_state
[task_controller] still waiting: control_state SHM is not ready for policy input: actuator 0x141 position_rad is not available yet
[task_controller] still waiting: control_state SHM is not ready for policy input: actuator 0x141 position_rad is not available yet
[task_controller] still waiting: control_state SHM is not ready for policy input: actuator 0x141 position_rad is not available yet
[task_controller] still waiting: control_state SHM is not ready for policy input: actuator 0x142 position_rad is not available yet
[task_controller] numeric control_state received
[task_controller] policy_output_rate_hz=50.83 published=51 target_hz=50.00
[task_controller] policy_output_rate_hz=49.85 published=101 target_hz=50.00
[task_controller] policy_output_rate_hz=49.85 published=151 target_hz=50.00
[task_controller] policy_output_rate_hz=49.85 published=201 target_hz=50.00
[task_controller] policy_output_rate_hz=49.84 published=251 target_hz=50.00
[task_controller] policy_output_rate_hz=49.84 published=301 target_hz=50.00
[task_controller] policy_output_rate_hz=49.86 published=351 target_hz=50.00
[task_controller] waiting for numeric control_state: control_state SHM has no committed payload
[task_controller] policy_output_rate_hz=48.85 published=400 target_hz=50.00
[task_controller] policy_output_rate_hz=49.85 published=450 target_hz=50.00
[task_controller] policy_output_rate_hz=49.84 published=500 target_hz=50.00
[task_controller] policy_output_rate_hz=49.86 published=550 target_hz=50.00
[task_controller] policy_output_rate_hz=49.85 published=600 target_hz=50.00
[task_controller] policy_output_rate_hz=49.84 published=650 target_hz=50.00
[task_controller] policy_output_rate_hz=49.85 published=700 target_hz=50.00
[task_controller] policy_output_rate_hz=49.86 published=750 target_hz=50.00
[task_controller] policy_output_rate_hz=49.85 published=800 target_hz=50.00
[task_controller] policy_output_rate_hz=49.85 published=850 target_hz=50.00
[task_controller] policy_output_rate_hz=49.85 published=900 target_hz=50.00
[task_controller] policy_output_rate_hz=49.85 published=950 target_hz=50.00
[task_controller] policy_output_rate_hz=49.85 published=1000 target_hz=50.00
[task_controller] signal 15, shutting down
