[process_supervisor] log file: /home/kale/QHRR_control/log/20260525_141000/task_controller.log
[task_controller] loaded policy qhrr: /home/kale/QHRR_control/policy/qhrr/qhrr/policy.onnx
[task_controller] control=qhrr_control_state aux=qhrr_aux_command mit=qhrr_mit_command
[task_controller] waiting for numeric control_state
[task_controller] still waiting: control_state SHM is not ready for policy input: actuator 0x141 position_rad is not available yet
[task_controller] still waiting: control_state SHM is not ready for policy input: actuator 0x141 position_rad is not available yet
[task_controller] still waiting: control_state SHM is not ready for policy input: actuator 0x141 position_rad is not available yet
[task_controller] still waiting: control_state SHM is not ready for policy input: actuator 0x141 position_rad is not available yet
[task_controller] still waiting: control_state SHM is not ready for policy input: actuator 0x141 position_rad is not available yet
[task_controller] still waiting: control_state SHM is not ready for policy input: actuator 0x141 position_rad is not available yet
[task_controller] numeric control_state received
[task_controller] Compute action call 1
[task_controller] Projected gravity: [ 0.67095948 -0.74116174 -0.02219586]
[-0.15 -0.7   1.2 ]
[task_controller] Compute action call 2
[task_controller] Projected gravity: [ 0.67954505 -0.73028666 -0.06999939]
[-0.15 -0.7   1.2 ]
[task_controller] Compute action call 3
[task_controller] Projected gravity: [ 0.671734   -0.68993896 -0.26973628]
[-0.15 -0.7   1.2 ]
[task_controller] Compute action call 4
[task_controller] Projected gravity: [ 0.56680857 -0.57015616 -0.59468479]
[-0.15 -0.7   1.2 ]
[task_controller] Compute action call 5
[task_controller] Projected gravity: [ 0.37407349 -0.49997399 -0.7810858 ]
[-0.15 -0.7   1.2 ]
[task_controller] Compute action call 6
[task_controller] Projected gravity: [ 0.05185301 -0.33432771 -0.94102935]
[-0.15 -0.7   1.2 ]
[task_controller] Compute action call 7
[task_controller] Projected gravity: [ 0.0501717  -0.17411416 -0.98344652]
[-0.15 -0.7   1.2 ]
[task_controller] Compute action call 8
[task_controller] Projected gravity: [-0.01098219  0.05992535 -0.99814245]
[-0.15 -0.7   1.2 ]
[task_controller] Compute action call 9
[task_controller] Projected gravity: [-0.62070386 -0.32570285 -0.71319309]
[-0.15 -0.7   1.2 ]
[task_controller] Compute action call 10
[task_controller] Projected gravity: [-0.682022   -0.53446001  0.49919785]
[-0.15 -0.7   1.2 ]
[task_controller] Compute action call 11
[task_controller] Projected gravity: [-0.07561909  0.46370996  0.88275411]
[-0.15 -0.7   1.2 ]
[task_controller] Compute action call 12
[task_controller] Projected gravity: [0.33648443 0.36871085 0.86650478]
[-0.15 -0.7   1.2 ]
[task_controller] Compute action call 13
[task_controller] Projected gravity: [0.48088252 0.09552607 0.8715657 ]
[-0.15 -0.7   1.2 ]
[task_controller] Compute action call 14
[task_controller] Projected gravity: [ 0.37500325 -0.05872254  0.92516173]
[-0.15 -0.7   1.2 ]
[task_controller] Compute action call 15
[task_controller] Projected gravity: [ 0.00900218 -0.20854174  0.97797204]
[-0.15 -0.7   1.2 ]
[task_controller] Compute action call 16
[task_controller] Projected gravity: [ 0.07114085 -0.49769448  0.86442998]
[-0.15 -0.7   1.2 ]
[task_controller] Compute action call 17
[task_controller] Projected gravity: [-0.11603649 -0.55029959  0.8268651 ]
[-0.15 -0.7   1.2 ]
[task_controller] Compute action call 18
[task_controller] Projected gravity: [-0.1716773  -0.46249388  0.86984269]
[-0.15 -0.7   1.2 ]
[task_controller] Compute action call 19
[task_controller] Projected gravity: [ 0.0048099  -0.25486027  0.96696593]
[-0.15 -0.7   1.2 ]
[task_controller] Compute action call 20
[task_controller] Projected gravity: [0.13574392 0.30973603 0.94108298]
[-0.15 -0.7   1.2 ]
[task_controller] Compute action call 21
[task_controller] Projected gravity: [0.03527632 0.35711714 0.93339323]
[-0.15 -0.7   1.2 ]
[task_controller] Compute action call 22
[task_controller] Projected gravity: [0.21240638 0.02516432 0.97685735]
[-0.15 -0.7   1.2 ]
[task_controller] Compute action call 23
[task_controller] Projected gravity: [ 0.47504853 -0.16679864  0.86400643]
[-0.15 -0.7   1.2 ]
[task_controller] Compute action call 24
[task_controller] Projected gravity: [ 0.74231787 -0.32815719  0.58418921]
[-0.15 -0.7   1.2 ]
[task_controller] Compute action call 25
[task_controller] Projected gravity: [0.73259073 0.08041133 0.67590298]
[-0.15 -0.7   1.2 ]
[task_controller] Compute action call 26
[task_controller] Projected gravity: [0.51428456 0.44873239 0.7308561 ]
[-0.15 -0.7   1.2 ]
[task_controller] Compute action call 27
[task_controller] Projected gravity: [0.46111384 0.56148519 0.68710146]
[-0.15 -0.7   1.2 ]
[task_controller] Compute action call 28
[task_controller] Projected gravity: [0.49140379 0.59459802 0.63637686]
[-0.15 -0.7   1.2 ]
[task_controller] Compute action call 29
[task_controller] Projected gravity: [0.61429771 0.57389116 0.54156002]
[-0.15 -0.7   1.2 ]
[task_controller] Compute action call 30
[task_controller] Projected gravity: [0.85971365 0.40384903 0.31272736]
[-0.15 -0.7   1.2 ]
[task_controller] Compute action call 31
[task_controller] Projected gravity: [0.95571737 0.2782346  0.09586356]
[-0.15 -0.7   1.2 ]
[task_controller] Compute action call 32
[task_controller] Projected gravity: [0.92458198 0.37977635 0.03029982]
[-0.15 -0.7   1.2 ]
[task_controller] Compute action call 33
[task_controller] Projected gravity: [0.80462926 0.58987706 0.06794711]
[-0.15 -0.7   1.2 ]
[task_controller] Compute action call 34
[task_controller] Projected gravity: [0.75260475 0.65800941 0.02469242]
[-0.15 -0.7   1.2 ]
[task_controller] Compute action call 35
[task_controller] Projected gravity: [ 0.80624869  0.57887694 -0.12192024]
[-0.15 -0.7   1.2 ]
[task_controller] Compute action call 36
[task_controller] Projected gravity: [ 0.84149747  0.42019119 -0.33959   ]
[-0.15 -0.7   1.2 ]
[task_controller] Compute action call 37
[task_controller] Projected gravity: [ 0.  0. -1.]
[-0.15 -0.7   1.2 ]
[task_controller] Compute action call 38
[task_controller] Projected gravity: [-0.00221397  0.01079679 -0.99993926]
[-0.15 -0.7   1.2 ]
[task_controller] Compute action call 39
[task_controller] Projected gravity: [-0.02706966  0.05222934 -0.99826817]
[-0.15 -0.7   1.2 ]
[task_controller] Compute action call 40
[task_controller] Projected gravity: [-0.13167109  0.14401426 -0.98077654]
[-0.15 -0.7   1.2 ]
[task_controller] Compute action call 41
[task_controller] Projected gravity: [-0.76731344  0.48951299 -0.41425489]
[-0.15 -0.7   1.2 ]
[task_controller] Compute action call 42
[task_controller] Projected gravity: [-0.88303899  0.27247228 -0.38210078]
[-0.15 -0.7   1.2 ]
[task_controller] Compute action call 43
[task_controller] Projected gravity: [-0.81585965 -0.0219333  -0.57783385]
[-0.15 -0.7   1.2 ]
[task_controller] Compute action call 44
[task_controller] Projected gravity: [-0.00842741  0.66389962 -0.74777421]
[-0.15 -0.7   1.2 ]
[task_controller] Compute action call 45
[task_controller] Projected gravity: [ 0.88708758 -0.13482384 -0.44147271]
[-0.15 -0.7   1.2 ]
[task_controller] Compute action call 46
[task_controller] Projected gravity: [ 0.13865577 -0.83644472 -0.53022147]
[-0.15 -0.7   1.2 ]
[task_controller] Compute action call 47
[task_controller] Projected gravity: [-0.3766971  -0.83208404 -0.40710618]
[-0.15 -0.7   1.2 ]
[task_controller] Compute action call 48
[task_controller] Projected gravity: [-0.46301285 -0.87131935 -0.16254752]
[-0.15 -0.7   1.2 ]
[task_controller] Compute action call 49
[task_controller] Projected gravity: [-0.44546    -0.88219821 -0.15261622]
[-0.15 -0.7   1.2 ]
[task_controller] Compute action call 50
[task_controller] Projected gravity: [-0.34519431 -0.91185101 -0.2221905 ]
[-0.15 -0.7   1.2 ]
[task_controller] Compute action call 51
[task_controller] Projected gravity: [ 0.00103276 -0.93480825 -0.35515133]
[-0.15 -0.7   1.2 ]
[task_controller] Compute action call 52
[task_controller] Projected gravity: [ 0.63810477 -0.59346452 -0.49053252]
[-0.15 -0.7   1.2 ]
[task_controller] Compute action call 53
[task_controller] Projected gravity: [ 0.48395873  0.70436417 -0.51928323]
[-0.15 -0.7   1.2 ]
[task_controller] Compute action call 54
[task_controller] Projected gravity: [-0.76115691 -0.02100624 -0.6482275 ]
[-0.15 -0.7   1.2 ]
[task_controller] Compute action call 55
[task_controller] Projected gravity: [-0.21499308 -0.75444879 -0.62014918]
[-0.15 -0.7   1.2 ]
[task_controller] Compute action call 56
[task_controller] Projected gravity: [ 0.64441056 -0.47628422 -0.59823772]
[-0.15 -0.7   1.2 ]
[task_controller] Compute action call 57
[task_controller] Projected gravity: [ 0.9697952   0.08328857 -0.22926029]
[-0.15 -0.7   1.2 ]
[task_controller] Compute action call 58
[task_controller] Projected gravity: [ 0.95009673 -0.22903363  0.21180132]
[-0.15 -0.7   1.2 ]
[task_controller] Compute action call 59
[task_controller] Projected gravity: [ 0.29332872 -0.48828123  0.82191222]
[-0.15 -0.7   1.2 ]
[task_controller] Compute action call 60
[task_controller] Projected gravity: [-0.26051686 -0.07637587  0.9624436 ]
[-0.15 -0.7   1.2 ]
[task_controller] Compute action call 61
[task_controller] Projected gravity: [-0.10744293 -0.10663533  0.98847606]
[-0.15 -0.7   1.2 ]
[task_controller] Compute action call 62
[task_controller] Projected gravity: [ 0.26735895 -0.03524116  0.96295236]
[-0.15 -0.7   1.2 ]
[task_controller] Compute action call 63
[task_controller] Projected gravity: [ 0.83081852 -0.21544344  0.51315175]
[-0.15 -0.7   1.2 ]
[task_controller] Compute action call 64
[task_controller] Projected gravity: [ 0.92915258 -0.1598166  -0.33336786]
[-0.15 -0.7   1.2 ]
[task_controller] Compute action call 65
[task_controller] Projected gravity: [-0.24610732  0.34559601 -0.90553552]
[-0.15 -0.7   1.2 ]
[task_controller] Compute action call 66
[task_controller] Projected gravity: [-0.63579223 -0.6933076  -0.33925331]
[-0.15 -0.7   1.2 ]
[task_controller] Compute action call 67
[task_controller] Projected gravity: [-0.01590171 -0.91846069  0.39519247]
[-0.15 -0.7   1.2 ]
[task_controller] Compute action call 68
[task_controller] Projected gravity: [-0.17422267 -0.4241108   0.8886937 ]
[-0.15 -0.7   1.2 ]
[task_controller] Compute action call 69
[task_controller] Projected gravity: [0.35830412 0.40417375 0.84158288]
[-0.15 -0.7   1.2 ]
[task_controller] Compute action call 70
[task_controller] Projected gravity: [-0.04429524 -0.51920137  0.85350329]
[-0.15 -0.7   1.2 ]
[task_controller] Compute action call 71
[task_controller] Projected gravity: [-0.49583221 -0.81809424  0.29132841]
[-0.15 -0.7   1.2 ]
[task_controller] Compute action call 72
[task_controller] Projected gravity: [-0.08915612 -0.71008061 -0.69845309]
[-0.15 -0.7   1.2 ]
[task_controller] Compute action call 73
[task_controller] Projected gravity: [-0.22905747  0.23058658 -0.94570741]
[-0.15 -0.7   1.2 ]
[task_controller] Compute action call 74
[task_controller] Projected gravity: [-0.9890245   0.09248417  0.1152268 ]
[-0.15 -0.7   1.2 ]
[task_controller] Compute action call 75
[task_controller] Projected gravity: [-0.14248008 -0.08828636  0.98585239]
[-0.15 -0.7   1.2 ]
[task_controller] Compute action call 76
[task_controller] Projected gravity: [0.42632535 0.74946004 0.50651391]
[-0.15 -0.7   1.2 ]
[task_controller] Compute action call 77
[task_controller] Projected gravity: [ 0.28394015  0.89887644 -0.3337651 ]
[-0.15 -0.7   1.2 ]
[task_controller] Compute action call 78
[task_controller] Projected gravity: [ 0.59412728 -0.03680396 -0.80352862]
[-0.15 -0.7   1.2 ]
[task_controller] Compute action call 79
[task_controller] Projected gravity: [ 0.82365795 -0.54947668 -0.14022467]
[-0.15 -0.7   1.2 ]
[task_controller] Compute action call 80
[task_controller] Projected gravity: [0.700456   0.44278544 0.55973426]
[-0.15 -0.7   1.2 ]
[task_controller] Compute action call 81
[task_controller] Projected gravity: [0.09884578 0.16234743 0.98177025]
[-0.15 -0.7   1.2 ]
[task_controller] Compute action call 82
[task_controller] Projected gravity: [ 0.43333629 -0.63190814  0.6425821 ]
[-0.15 -0.7   1.2 ]
[task_controller] Compute action call 83
[task_controller] Projected gravity: [ 0.63825437 -0.43610877 -0.63438198]
[-0.15 -0.7   1.2 ]
[task_controller] Compute action call 84
[task_controller] Projected gravity: [-0.45839102  0.54049737 -0.7055071 ]
[-0.15 -0.7   1.2 ]
[task_controller] Compute action call 85
[task_controller] Projected gravity: [ 0.04008534 -0.998455    0.03848086]
[-0.15 -0.7   1.2 ]
[task_controller] Compute action call 86
[task_controller] Projected gravity: [ 0.70932488 -0.14202803  0.69042469]
[-0.15 -0.7   1.2 ]
[task_controller] Compute action call 87
[task_controller] Projected gravity: [-0.03953441 -0.06858841  0.99686141]
[-0.15 -0.7   1.2 ]
[task_controller] Compute action call 88
[task_controller] Projected gravity: [-0.85818113  0.22882565  0.4595258 ]
[-0.15 -0.7   1.2 ]
[task_controller] Compute action call 89
[task_controller] Projected gravity: [-0.58029087  0.61483469 -0.53407941]
[-0.15 -0.7   1.2 ]
[task_controller] Compute action call 90
[task_controller] Projected gravity: [ 0.16657875  0.15085243 -0.97442037]
[-0.15 -0.7   1.2 ]
[task_controller] Compute action call 91
[task_controller] Projected gravity: [ 0.70596349 -0.22091936 -0.67291172]
[-0.15 -0.7   1.2 ]
[task_controller] Compute action call 92
[task_controller] Projected gravity: [ 0.93278056 -0.23826817 -0.27046019]
[-0.15 -0.7   1.2 ]
[task_controller] Compute action call 93
[task_controller] Projected gravity: [ 0.89301807 -0.34793769  0.28540863]
[-0.15 -0.7   1.2 ]
[task_controller] Compute action call 94
[task_controller] Projected gravity: [ 0.5810498  -0.38682281  0.71606512]
[-0.15 -0.7   1.2 ]
[task_controller] Compute action call 95
[task_controller] Projected gravity: [ 0.37263711 -0.15022774  0.91573643]
[-0.15 -0.7   1.2 ]
[task_controller] Compute action call 96
[task_controller] Projected gravity: [0.17809801 0.14262572 0.97362159]
[-0.15 -0.7   1.2 ]
[task_controller] Compute action call 97
[task_controller] Projected gravity: [0.16696991 0.40766816 0.89773477]
[-0.15 -0.7   1.2 ]
[task_controller] Compute action call 98
[task_controller] Projected gravity: [0.44099635 0.6533062  0.6153968 ]
[-0.15 -0.7   1.2 ]
[task_controller] Compute action call 99
[task_controller] Projected gravity: [0.65724243 0.67544324 0.33437826]
[-0.15 -0.7   1.2 ]
[task_controller] Compute action call 100
[task_controller] Projected gravity: [0.46564921 0.82589996 0.31789946]
[-0.15 -0.7   1.2 ]
[task_controller] Compute action call 101
[task_controller] Projected gravity: [0.62125398 0.61246073 0.48881014]
[-0.15 -0.7   1.2 ]
[task_controller] Compute action call 102
[task_controller] Projected gravity: [ 0.809577   -0.30624166  0.50080049]
[-0.15 -0.7   1.2 ]
[task_controller] Compute action call 103
[task_controller] Projected gravity: [ 0.41736259 -0.85193433 -0.31625363]
[-0.15 -0.7   1.2 ]
[task_controller] Compute action call 104
[task_controller] Projected gravity: [ 0.21144873 -0.34584482 -0.91415578]
[-0.15 -0.7   1.2 ]
[task_controller] Compute action call 105
[task_controller] Projected gravity: [-0.27030737 -0.39035921 -0.88008728]
[-0.15 -0.7   1.2 ]
[task_controller] Compute action call 106
[task_controller] Projected gravity: [-0.26168387 -0.6723056  -0.69247869]
[-0.15 -0.7   1.2 ]
[task_controller] Compute action call 107
[task_controller] Projected gravity: [-0.11625573 -0.95804135 -0.26199498]
[-0.15 -0.7   1.2 ]
[task_controller] Compute action call 108
[task_controller] Projected gravity: [ 0.45015139 -0.87697764  0.16814859]
[-0.15 -0.7   1.2 ]
[task_controller] Compute action call 109
[task_controller] Projected gravity: [ 0.54004807 -0.65185014  0.53239034]
[-0.15 -0.7   1.2 ]
[task_controller] Compute action call 110
[task_controller] Projected gravity: [ 0.44819056 -0.57856711  0.68145823]
[-0.15 -0.7   1.2 ]
[task_controller] Compute action call 111
[task_controller] Projected gravity: [ 0.43655212 -0.44615623  0.7812598 ]
[-0.15 -0.7   1.2 ]
[task_controller] Compute action call 112
[task_controller] Projected gravity: [ 0.47544402 -0.24683669  0.84440786]
[-0.15 -0.7   1.2 ]
[task_controller] Compute action call 113
[task_controller] Projected gravity: [0.47399778 0.10013664 0.87481355]
[-0.15 -0.7   1.2 ]
[task_controller] Compute action call 114
[task_controller] Projected gravity: [0.3007913  0.30257296 0.90441926]
[-0.15 -0.7   1.2 ]
[task_controller] Compute action call 115
[task_controller] Projected gravity: [0.00108887 0.42196334 0.90661224]
[-0.15 -0.7   1.2 ]
[task_controller] Compute action call 116
[task_controller] Projected gravity: [-0.23721016  0.52344292  0.81837574]
[-0.15 -0.7   1.2 ]
[task_controller] Compute action call 117
[task_controller] Projected gravity: [-0.38729862  0.56695939  0.72701914]
[-0.15 -0.7   1.2 ]
[task_controller] Compute action call 118
[task_controller] Projected gravity: [-0.62124349  0.48634955  0.61442708]
[-0.15 -0.7   1.2 ]
[task_controller] Compute action call 119
[task_controller] Projected gravity: [-0.73286845  0.43556682  0.52267139]
[-0.15 -0.7   1.2 ]
[task_controller] Compute action call 120
[task_controller] Projected gravity: [-0.78657387  0.41154363  0.46036225]
[-0.15 -0.7   1.2 ]
[task_controller] Compute action call 121
[task_controller] Projected gravity: [-0.82479352  0.36934012  0.4281396 ]
[-0.15 -0.7   1.2 ]
[task_controller] Compute action call 122
[task_controller] Projected gravity: [-0.87306783  0.24336367  0.42252419]
[-0.15 -0.7   1.2 ]
[task_controller] Compute action call 123
[task_controller] Projected gravity: [-0.89689472  0.17910974  0.40435079]
[-0.15 -0.7   1.2 ]
[task_controller] Compute action call 124
[task_controller] Projected gravity: [-0.91006322  0.24757165  0.33240518]
[-0.15 -0.7   1.2 ]
[task_controller] Compute action call 125
[task_controller] Projected gravity: [-0.89705737  0.37277123  0.23733874]
[-0.15 -0.7   1.2 ]
[task_controller] Compute action call 126
[task_controller] Projected gravity: [-0.91198307  0.36556521  0.18614229]
[-0.15 -0.7   1.2 ]
[task_controller] Compute action call 127
[task_controller] Projected gravity: [-0.95344774  0.23907142  0.1837995 ]
[-0.15 -0.7   1.2 ]
[task_controller] Compute action call 128
[task_controller] Projected gravity: [-0.97431902  0.04851324  0.21988386]
[-0.15 -0.7   1.2 ]
[task_controller] Compute action call 129
[task_controller] Projected gravity: [-0.96958246 -0.08124006  0.23088936]
[-0.15 -0.7   1.2 ]
[task_controller] Compute action call 130
[task_controller] Projected gravity: [-0.9856376  -0.02419156  0.16713254]
[-0.15 -0.7   1.2 ]
[task_controller] Compute action call 131
[task_controller] Projected gravity: [-0.98195978  0.18113707  0.05426182]
[-0.15 -0.7   1.2 ]
[task_controller] Compute action call 132
[task_controller] Projected gravity: [-0.90994977  0.40984399 -0.06339803]
[-0.15 -0.7   1.2 ]
[task_controller] Compute action call 133
[task_controller] Projected gravity: [-0.82825663  0.54291334 -0.13869408]
[-0.15 -0.7   1.2 ]
[task_controller] Compute action call 134
[task_controller] Projected gravity: [-0.44539948  0.77808024 -0.44295648]
[-0.15 -0.7   1.2 ]
[task_controller] Compute action call 135
[task_controller] Projected gravity: [ 0.3383621   0.31207221 -0.88776237]
[-0.15 -0.7   1.2 ]
[task_controller] Compute action call 136
[task_controller] Projected gravity: [ 0.74595867 -0.18512211 -0.63974641]
[-0.15 -0.7   1.2 ]
[task_controller] Compute action call 137
[task_controller] Projected gravity: [ 0.80167456 -0.23427234 -0.54994033]
[-0.15 -0.7   1.2 ]
[task_controller] Compute action call 138
[task_controller] Projected gravity: [ 0.63410479 -0.46391738 -0.61862086]
[-0.15 -0.7   1.2 ]
[task_controller] Compute action call 139
[task_controller] Projected gravity: [-0.03731929 -0.39835652 -0.91647114]
[-0.15 -0.7   1.2 ]
[task_controller] Compute action call 140
[task_controller] Projected gravity: [-0.7823959   0.27257747 -0.55996265]
[-0.15 -0.7   1.2 ]
[task_controller] Compute action call 141
[task_controller] Projected gravity: [-0.93027117  0.23395741 -0.28259419]
[-0.15 -0.7   1.2 ]
[task_controller] Compute action call 142
[task_controller] Projected gravity: [-0.96543673  0.19107829 -0.17725971]
[-0.15 -0.7   1.2 ]
[task_controller] Compute action call 143
[task_controller] Projected gravity: [-0.76736569  0.58428779 -0.26411678]
[-0.15 -0.7   1.2 ]
[task_controller] Compute action call 144
[task_controller] Projected gravity: [ 0.33754567  0.45923842 -0.82168303]
[-0.15 -0.7   1.2 ]
[task_controller] Compute action call 145
[task_controller] Projected gravity: [ 0.83652529 -0.20834839 -0.50677055]
[-0.15 -0.7   1.2 ]
[task_controller] Compute action call 146
[task_controller] Projected gravity: [ 0.90697677 -0.22271697 -0.35747767]
[-0.15 -0.7   1.2 ]
[task_controller] Compute action call 147
[task_controller] Projected gravity: [ 0.72723427 -0.55023784 -0.41032748]
[-0.15 -0.7   1.2 ]
[task_controller] Compute action call 148
[task_controller] Projected gravity: [ 0.32133544 -0.70105092 -0.6366091 ]
[-0.15 -0.7   1.2 ]
[task_controller] Compute action call 149
[task_controller] Projected gravity: [ 0.26953865 -0.31840913 -0.90882592]
[-0.15 -0.7   1.2 ]
[task_controller] Compute action call 150
[task_controller] Projected gravity: [ 0.34158315  0.56366723 -0.75206397]
[-0.15 -0.7   1.2 ]
[task_controller] Compute action call 151
[task_controller] Projected gravity: [ 0.45778764  0.80130034 -0.38516003]
[-0.15 -0.7   1.2 ]
[task_controller] Compute action call 152
[task_controller] Projected gravity: [ 0.56293212  0.69246367 -0.45122222]
[-0.15 -0.7   1.2 ]
[task_controller] Compute action call 153
[task_controller] Projected gravity: [ 0.54359269  0.50702763 -0.66890206]
[-0.15 -0.7   1.2 ]
[task_controller] Compute action call 154
[task_controller] Projected gravity: [ 0.3317828  -0.00864707 -0.94331617]
[-0.15 -0.7   1.2 ]
[task_controller] Compute action call 155
[task_controller] Projected gravity: [-0.30183427 -0.79996617 -0.5186041 ]
[-0.15 -0.7   1.2 ]
[task_controller] Compute action call 156
[task_controller] Projected gravity: [-0.70452813 -0.7074741  -0.05586163]
[-0.15 -0.7   1.2 ]
[task_controller] Compute action call 157
[task_controller] Projected gravity: [-0.41777582 -0.906118    0.06643438]
[-0.15 -0.7   1.2 ]
[task_controller] Compute action call 158
[task_controller] Projected gravity: [ 0.10532833 -0.97209311 -0.20962091]
[-0.15 -0.7   1.2 ]
[task_controller] Compute action call 159
[task_controller] Projected gravity: [ 0.04614409 -0.89559561 -0.44246947]
[-0.15 -0.7   1.2 ]
[task_controller] Compute action call 160
[task_controller] Projected gravity: [-0.51751749 -0.1037333  -0.84936156]
[-0.15 -0.7   1.2 ]
[task_controller] Compute action call 161
[task_controller] Projected gravity: [ 0.15364656  0.10715952 -0.98229811]
[-0.15 -0.7   1.2 ]
[task_controller] Compute action call 162
[task_controller] Projected gravity: [ 0.53550198  0.0103974  -0.84446997]
[-0.15 -0.7   1.2 ]
[task_controller] Compute action call 163
[task_controller] Projected gravity: [ 0.65606436 -0.02272863 -0.75436262]
[-0.15 -0.7   1.2 ]
[task_controller] Compute action call 164
[task_controller] Projected gravity: [ 0.76059275  0.0500559  -0.64729674]
[-0.15 -0.7   1.2 ]
[task_controller] Compute action call 165
[task_controller] Projected gravity: [ 0.81915494  0.17620125 -0.54583725]
[-0.15 -0.7   1.2 ]
[task_controller] Compute action call 166
[task_controller] Projected gravity: [ 0.77666033  0.4196576  -0.46977252]
[-0.15 -0.7   1.2 ]
[task_controller] Compute action call 167
[task_controller] Projected gravity: [ 0.5361761   0.72636033 -0.43001844]
[-0.15 -0.7   1.2 ]
[task_controller] Compute action call 168
[task_controller] Projected gravity: [ 0.30458248  0.90172587 -0.30678978]
[-0.15 -0.7   1.2 ]
[task_controller] Compute action call 169
[task_controller] Projected gravity: [ 0.21929421  0.96506098 -0.14341326]
[-0.15 -0.7   1.2 ]
[task_controller] Compute action call 170
[task_controller] Projected gravity: [0.16782733 0.98559984 0.02066243]
[-0.15 -0.7   1.2 ]
[task_controller] Compute action call 171
[task_controller] Projected gravity: [-0.24307609  0.967375    0.07141169]
[-0.15 -0.7   1.2 ]
[task_controller] Compute action call 172
[task_controller] Projected gravity: [-0.64401934  0.7614683   0.0735195 ]
[-0.15 -0.7   1.2 ]
[task_controller] Compute action call 173
[task_controller] Projected gravity: [-0.34576791  0.93525179 -0.07581979]
[-0.15 -0.7   1.2 ]
[task_controller] Compute action call 174
[task_controller] Projected gravity: [ 0.61265459  0.56032917 -0.55739175]
[-0.15 -0.7   1.2 ]
[task_controller] Compute action call 175
[task_controller] Projected gravity: [ 0.85628503  0.13056039 -0.49972987]
[-0.15 -0.7   1.2 ]
[task_controller] Compute action call 176
[task_controller] Projected gravity: [ 0.89891617  0.18503585 -0.39712902]
[-0.15 -0.7   1.2 ]
[task_controller] Compute action call 177
[task_controller] Projected gravity: [ 0.93426264 -0.12848425  0.33263362]
[-0.15 -0.7   1.2 ]
[task_controller] Compute action call 178
[task_controller] Projected gravity: [-0.6447758  -0.59372972  0.48140336]
[-0.15 -0.7   1.2 ]
[task_controller] Compute action call 179
[task_controller] Projected gravity: [-0.40491928  0.89973824  0.16282348]
[-0.15 -0.7   1.2 ]
[task_controller] Compute action call 180
[task_controller] Projected gravity: [0.15629729 0.98419274 0.08328146]
[-0.15 -0.7   1.2 ]
[task_controller] Compute action call 181
[task_controller] Projected gravity: [0.13434203 0.98942494 0.05468548]
[-0.15 -0.7   1.2 ]
[task_controller] Compute action call 182
[task_controller] Projected gravity: [-0.03291126  0.99716488  0.06766872]
[-0.15 -0.7   1.2 ]
[task_controller] Compute action call 183
[task_controller] Projected gravity: [-0.12898542  0.98656537  0.10025738]
[-0.15 -0.7   1.2 ]
[task_controller] Compute action call 184
[task_controller] Projected gravity: [-0.37765369  0.91206243  0.15974921]
[-0.15 -0.7   1.2 ]
[task_controller] Compute action call 185
[task_controller] Projected gravity: [-0.65267917  0.71935103  0.23778983]
[-0.15 -0.7   1.2 ]
[task_controller] Compute action call 186
[task_controller] Projected gravity: [-0.73507387  0.62608039  0.26017254]
[-0.15 -0.7   1.2 ]
[task_controller] Compute action call 187
[task_controller] Projected gravity: [-0.71197691  0.65928433  0.2417293 ]
[-0.15 -0.7   1.2 ]
[task_controller] Compute action call 188
[task_controller] Projected gravity: [-0.66446564  0.71267241  0.22490765]
[-0.15 -0.7   1.2 ]
[task_controller] Compute action call 189
[task_controller] Projected gravity: [-0.77438411  0.59024726  0.22789785]
[-0.15 -0.7   1.2 ]
[task_controller] Compute action call 190
[task_controller] Projected gravity: [-0.85395808  0.28759277  0.43364271]
[-0.15 -0.7   1.2 ]
[task_controller] Compute action call 191
[task_controller] Projected gravity: [-0.30423459  0.84094722  0.44749201]
[-0.15 -0.7   1.2 ]
[task_controller] Compute action call 192
[task_controller] Projected gravity: [ 0.76049275  0.64134209 -0.10164203]
[-0.15 -0.7   1.2 ]
[task_controller] Compute action call 193
[task_controller] Projected gravity: [ 0.99947233 -0.0181769   0.02691968]
[-0.15 -0.7   1.2 ]
[task_controller] Compute action call 194
[task_controller] Projected gravity: [ 0.95685408 -0.29036374  0.01091676]
[-0.15 -0.7   1.2 ]
[task_controller] Compute action call 195
[task_controller] Projected gravity: [ 0.869355   -0.47598759 -0.13288226]
[-0.15 -0.7   1.2 ]
[task_controller] Compute action call 196
[task_controller] Projected gravity: [ 0.49756468 -0.82149103 -0.27853522]
[-0.15 -0.7   1.2 ]
[task_controller] Compute action call 197
[task_controller] Projected gravity: [-0.55141274 -0.73776727 -0.38941424]
[-0.15 -0.7   1.2 ]
[task_controller] Compute action call 198
[task_controller] Projected gravity: [-0.90568093  0.06416384 -0.41907644]
[-0.15 -0.7   1.2 ]
[task_controller] Compute action call 199
[task_controller] Projected gravity: [-0.82808169  0.08473794 -0.55416622]
[-0.15 -0.7   1.2 ]
[task_controller] Compute action call 200
[task_controller] Projected gravity: [-0.6850805  -0.26786149 -0.67743261]
[-0.15 -0.7   1.2 ]
[task_controller] Compute action call 201
[task_controller] Projected gravity: [-0.22860847 -0.7795861  -0.58308119]
[-0.15 -0.7   1.2 ]
[task_controller] Compute action call 202
[task_controller] Projected gravity: [-0.30724892 -0.95159604 -0.00794159]
[-0.15 -0.7   1.2 ]
[task_controller] Compute action call 203
[task_controller] Projected gravity: [-0.47901565  0.50351654  0.71903762]
[-0.15 -0.7   1.2 ]
[task_controller] Compute action call 204
[task_controller] Projected gravity: [0.61419616 0.50839787 0.60356829]
[-0.15 -0.7   1.2 ]
[task_controller] Compute action call 205
[task_controller] Projected gravity: [0.84297718 0.05445993 0.53518556]
[-0.15 -0.7   1.2 ]
[task_controller] Compute action call 206
[task_controller] Projected gravity: [0.93476571 0.00828831 0.35516809]
[-0.15 -0.7   1.2 ]
[task_controller] Compute action call 207
[task_controller] Projected gravity: [0.93659872 0.23365082 0.2611324 ]
[-0.15 -0.7   1.2 ]
[task_controller] Compute action call 208
[task_controller] Projected gravity: [0.8011834  0.55636368 0.22037381]
[-0.15 -0.7   1.2 ]
[task_controller] Compute action call 209
[task_controller] Projected gravity: [0.63067374 0.74738613 0.2089608 ]
[-0.15 -0.7   1.2 ]
[task_controller] Compute action call 210
[task_controller] Projected gravity: [0.59494502 0.80040262 0.07345799]
[-0.15 -0.7   1.2 ]
[task_controller] Compute action call 211
[task_controller] Projected gravity: [ 0.62159913  0.77075018 -0.13985233]
[-0.15 -0.7   1.2 ]
[task_controller] Compute action call 212
[task_controller] Projected gravity: [ 0.59382331  0.8031976  -0.04740772]
[-0.15 -0.7   1.2 ]
[task_controller] Compute action call 213
[task_controller] Projected gravity: [0.95140604 0.00652179 0.30787011]
[-0.15 -0.7   1.2 ]
[task_controller] Compute action call 214
[task_controller] Projected gravity: [ 0.03165047 -0.91779548  0.39578998]
[-0.15 -0.7   1.2 ]
[task_controller] Compute action call 215
[task_controller] Projected gravity: [-0.45101382 -0.88567838 -0.11027396]
[-0.15 -0.7   1.2 ]
[task_controller] Compute action call 216
[task_controller] Projected gravity: [-0.23642892 -0.79685042 -0.55599529]
[-0.15 -0.7   1.2 ]
[task_controller] Compute action call 217
[task_controller] Projected gravity: [ 0.40117633 -0.73275788 -0.54965756]
[-0.15 -0.7   1.2 ]
[task_controller] Compute action call 218
[task_controller] Projected gravity: [ 0.90244098  0.06505125 -0.42587394]
[-0.15 -0.7   1.2 ]
[task_controller] Compute action call 219
[task_controller] Projected gravity: [ 0.45691987  0.31523312 -0.8317766 ]
[-0.15 -0.7   1.2 ]
[task_controller] Compute action call 220
[task_controller] Projected gravity: [-0.12911807 -0.42880103 -0.89412426]
[-0.15 -0.7   1.2 ]
[task_controller] Compute action call 221
[task_controller] Projected gravity: [-0.65639383 -0.24638612 -0.7130505 ]
[-0.15 -0.7   1.2 ]
[task_controller] Compute action call 222
[task_controller] Projected gravity: [-0.58518649 -0.27964582 -0.76115373]
[-0.15 -0.7   1.2 ]
[task_controller] Compute action call 223
[task_controller] Projected gravity: [-0.0347718  -0.20517146 -0.97810817]
[-0.15 -0.7   1.2 ]
[task_controller] Compute action call 224
[task_controller] Projected gravity: [-0.08116037 -0.42930935 -0.89950346]
[-0.15 -0.7   1.2 ]
[task_controller] Compute action call 225
[task_controller] Projected gravity: [-0.74792193  0.06566454 -0.66053081]
[-0.15 -0.7   1.2 ]
[task_controller] Compute action call 226
[task_controller] Projected gravity: [-0.90661355  0.20807688 -0.36709112]
[-0.15 -0.7   1.2 ]
[task_controller] Compute action call 227
[task_controller] Projected gravity: [-0.97344269  0.11692525  0.19681924]
[-0.15 -0.7   1.2 ]
[task_controller] Compute action call 228
[task_controller] Projected gravity: [-0.87706383  0.18329795  0.44402804]
[-0.15 -0.7   1.2 ]
[task_controller] Compute action call 229
[task_controller] Projected gravity: [-0.75864579  0.51045351  0.40483797]
[-0.15 -0.7   1.2 ]
[task_controller] Compute action call 230
[task_controller] Projected gravity: [-0.61921468  0.7323163   0.28334788]
[-0.15 -0.7   1.2 ]
[task_controller] Compute action call 231
[task_controller] Projected gravity: [-0.83809913  0.51657436  0.17533049]
[-0.15 -0.7   1.2 ]
[task_controller] Compute action call 232
[task_controller] Projected gravity: [-0.93998344 -0.14234428 -0.31011164]
[-0.15 -0.7   1.2 ]
[task_controller] Compute action call 233
[task_controller] Projected gravity: [-0.57192001  0.25216391 -0.78059008]
[-0.15 -0.7   1.2 ]
[task_controller] Compute action call 234
[task_controller] Projected gravity: [-0.5225082   0.53051739 -0.66748519]
[-0.15 -0.7   1.2 ]
[task_controller] Compute action call 235
[task_controller] Projected gravity: [-0.53046956  0.55115731 -0.64407117]
[-0.15 -0.7   1.2 ]
[task_controller] Compute action call 236
[task_controller] Projected gravity: [-0.79164034  0.12472085 -0.59812229]
[-0.15 -0.7   1.2 ]
[task_controller] Compute action call 237
[task_controller] Projected gravity: [-0.89383874 -0.44723798 -0.03210118]
[-0.15 -0.7   1.2 ]
[task_controller] Compute action call 238
[task_controller] Projected gravity: [-0.70069941  0.3981195   0.59204831]
[-0.15 -0.7   1.2 ]
[task_controller] Compute action call 239
[task_controller] Projected gravity: [-0.14204422  0.92136894  0.36180481]
[-0.15 -0.7   1.2 ]
[task_controller] Compute action call 240
[task_controller] Projected gravity: [-0.17382113  0.84439837  0.50673229]
[-0.15 -0.7   1.2 ]
[task_controller] Compute action call 241
[task_controller] Projected gravity: [-0.77642361  0.17789966  0.60458092]
[-0.15 -0.7   1.2 ]
[task_controller] Compute action call 242
[task_controller] Projected gravity: [-0.97709633  0.08232156 -0.19622927]
[-0.15 -0.7   1.2 ]
[task_controller] Compute action call 243
[task_controller] Projected gravity: [-0.44727336  0.89378444 -0.03310457]
[-0.15 -0.7   1.2 ]
[task_controller] Compute action call 244
[task_controller] Projected gravity: [-0.10273158  0.99267292 -0.06361362]
[-0.15 -0.7   1.2 ]
[task_controller] Compute action call 245
[task_controller] Projected gravity: [-0.19109773  0.92302284 -0.33393186]
[-0.15 -0.7   1.2 ]
[task_controller] Compute action call 246
[task_controller] Projected gravity: [-0.66776879  0.4472745  -0.59500451]
[-0.15 -0.7   1.2 ]
[task_controller] Compute action call 247
[task_controller] Projected gravity: [-0.84376672  0.2762899  -0.46013217]
[-0.15 -0.7   1.2 ]
[task_controller] Compute action call 248
[task_controller] Projected gravity: [-0.04366735  0.65853088 -0.75128573]
[-0.15 -0.7   1.2 ]
[task_controller] Compute action call 249
[task_controller] Projected gravity: [ 0.46257769  0.62468312 -0.62912073]
[-0.15 -0.7   1.2 ]
[task_controller] Compute action call 250
[task_controller] Projected gravity: [ 0.574333    0.81480269 -0.07898213]
[-0.15 -0.7   1.2 ]
[task_controller] Compute action call 251
[task_controller] Projected gravity: [0.61250533 0.47670455 0.63054738]
[-0.15 -0.7   1.2 ]
[task_controller] Compute action call 252
[task_controller] Projected gravity: [ 0.51351079 -0.44697675  0.7324742 ]
[-0.15 -0.7   1.2 ]
[task_controller] Compute action call 253
[task_controller] Projected gravity: [ 0.2003482  -0.75503298  0.62432827]
[-0.15 -0.7   1.2 ]
[task_controller] Compute action call 254
[task_controller] Projected gravity: [ 0.15751493 -0.66929342  0.72610974]
[-0.15 -0.7   1.2 ]
[task_controller] Compute action call 255
[task_controller] Projected gravity: [ 0.51811716 -0.40868956  0.75135042]
[-0.15 -0.7   1.2 ]
[task_controller] Compute action call 256
[task_controller] Projected gravity: [0.66443805 0.30855026 0.68067527]
[-0.15 -0.7   1.2 ]
[task_controller] Compute action call 257
[task_controller] Projected gravity: [0.80858815 0.57023553 0.14497121]
[-0.15 -0.7   1.2 ]
[task_controller] Compute action call 258
[task_controller] Projected gravity: [ 0.96012021  0.2705425  -0.0705403 ]
[-0.15 -0.7   1.2 ]
[task_controller] Compute action call 259
[task_controller] Projected gravity: [ 0.94430124  0.32799781 -0.02669475]
[-0.15 -0.7   1.2 ]
[task_controller] Compute action call 260
[task_controller] Projected gravity: [0.7001751  0.63163558 0.3328533 ]
[-0.15 -0.7   1.2 ]
[task_controller] Compute action call 261
[task_controller] Projected gravity: [0.52203758 0.31777189 0.79151613]
[-0.15 -0.7   1.2 ]
[task_controller] Compute action call 262
[task_controller] Projected gravity: [-0.09738739  0.10104132  0.99010421]
[-0.15 -0.7   1.2 ]
[task_controller] Compute action call 263
[task_controller] Projected gravity: [-0.65065295  0.07285316  0.75587245]
[-0.15 -0.7   1.2 ]
[task_controller] Compute action call 264
[task_controller] Projected gravity: [-0.8451755   0.0101759   0.53439201]
[-0.15 -0.7   1.2 ]
[task_controller] Compute action call 265
[task_controller] Projected gravity: [-0.88609541 -0.12340244  0.44677372]
[-0.15 -0.7   1.2 ]
[task_controller] Compute action call 266
[task_controller] Projected gravity: [-0.88466482 -0.3397862   0.31923894]
[-0.15 -0.7   1.2 ]
[task_controller] Compute action call 267
[task_controller] Projected gravity: [-0.80564388 -0.47788192  0.35009542]
[-0.15 -0.7   1.2 ]
[task_controller] Compute action call 268
[task_controller] Projected gravity: [-0.81269778 -0.2069948   0.54467924]
[-0.15 -0.7   1.2 ]
[task_controller] Compute action call 269
[task_controller] Projected gravity: [-0.49746703  0.45372136  0.73936695]
[-0.15 -0.7   1.2 ]
[task_controller] Compute action call 270
[task_controller] Projected gravity: [0.61161604 0.21580515 0.76115305]
[-0.15 -0.7   1.2 ]
[task_controller] Compute action call 271
[task_controller] Projected gravity: [0.98182197 0.12200178 0.14540008]
[-0.15 -0.7   1.2 ]
[task_controller] Compute action call 272
[task_controller] Projected gravity: [ 0.79993513  0.52490575 -0.29082253]
[-0.15 -0.7   1.2 ]
[task_controller] Compute action call 273
[task_controller] Projected gravity: [ 0.68843143  0.31418823 -0.65371853]
[-0.15 -0.7   1.2 ]
[task_controller] Compute action call 274
[task_controller] Projected gravity: [ 0.3661516  -0.47050363 -0.80284453]
[-0.15 -0.7   1.2 ]
[task_controller] Compute action call 275
[task_controller] Projected gravity: [ 0.00556757 -0.93516603 -0.35416592]
[-0.15 -0.7   1.2 ]
[task_controller] Compute action call 276
[task_controller] Projected gravity: [ 0.40000015 -0.80699196 -0.43446963]
[-0.15 -0.7   1.2 ]
[task_controller] Compute action call 277
[task_controller] Projected gravity: [ 0.06898117 -0.48623721 -0.87109986]
[-0.15 -0.7   1.2 ]
[task_controller] Compute action call 278
[task_controller] Projected gravity: [-0.61632773 -0.09443395 -0.78180711]
[-0.15 -0.7   1.2 ]
[task_controller] Compute action call 279
[task_controller] Projected gravity: [-0.92859787  0.37080325 -0.01452392]
[-0.15 -0.7   1.2 ]
[task_controller] Compute action call 280
[task_controller] Projected gravity: [-0.32525746  0.11575356  0.93851409]
[-0.15 -0.7   1.2 ]
[task_controller] Compute action call 281
[task_controller] Projected gravity: [ 0.84517241 -0.3539123   0.40053674]
[-0.15 -0.7   1.2 ]
[task_controller] Compute action call 282
[task_controller] Projected gravity: [ 0.85298826 -0.17718407 -0.49093464]
[-0.15 -0.7   1.2 ]
[task_controller] Compute action call 283
[task_controller] Projected gravity: [ 0.72529421 -0.05203776 -0.6864695 ]
[-0.15 -0.7   1.2 ]
[task_controller] Compute action call 284
[task_controller] Projected gravity: [ 0.7167398 -0.3399251 -0.6088801]
[-0.15 -0.7   1.2 ]
[task_controller] Compute action call 285
[task_controller] Projected gravity: [-0.32544667 -0.91250102 -0.24784339]
[-0.15 -0.7   1.2 ]
[task_controller] Compute action call 286
[task_controller] Projected gravity: [-0.88868485  0.4329496   0.15097645]
[-0.15 -0.7   1.2 ]
[task_controller] Compute action call 287
[task_controller] Projected gravity: [0.95458907 0.22306548 0.19748797]
[-0.15 -0.7   1.2 ]
[task_controller] Compute action call 288
[task_controller] Projected gravity: [ 0.4033471  -0.62778059  0.66573467]
[-0.15 -0.7   1.2 ]
[task_controller] Compute action call 289
[task_controller] Projected gravity: [-0.2101469  -0.5771742   0.78911864]
[-0.15 -0.7   1.2 ]
[task_controller] Compute action call 290
[task_controller] Projected gravity: [-0.52248382 -0.40439138  0.7506519 ]
[-0.15 -0.7   1.2 ]
[task_controller] Compute action call 291
[task_controller] Projected gravity: [-0.61848226 -0.32792588  0.71410385]
[-0.15 -0.7   1.2 ]
[task_controller] Compute action call 292
[task_controller] Projected gravity: [-0.40742883 -0.544507    0.73315338]
[-0.15 -0.7   1.2 ]
[task_controller] Compute action call 293
[task_controller] Projected gravity: [ 0.501022   -0.57407465  0.64762277]
[-0.15 -0.7   1.2 ]
[task_controller] Compute action call 294
[task_controller] Projected gravity: [ 0.89936964  0.43586661 -0.0339786 ]
[-0.15 -0.7   1.2 ]
[task_controller] Compute action call 295
[task_controller] Projected gravity: [ 0.68579002  0.07961961 -0.72343125]
[-0.15 -0.7   1.2 ]
[task_controller] Compute action call 296
[task_controller] Projected gravity: [ 0.06357475 -0.77722613 -0.62600144]
[-0.15 -0.7   1.2 ]
[task_controller] Compute action call 297
[task_controller] Projected gravity: [ 0.02576068 -0.74141154 -0.67055598]
[-0.15 -0.7   1.2 ]
[task_controller] Compute action call 298
[task_controller] Projected gravity: [ 0.38845911 -0.36807145 -0.84476205]
[-0.15 -0.7   1.2 ]
[task_controller] Compute action call 299
[task_controller] Projected gravity: [ 0.46675611 -0.45105673 -0.76071451]
[-0.15 -0.7   1.2 ]
[task_controller] Compute action call 300
[task_controller] Projected gravity: [ 0.36444337 -0.61786869 -0.6967204 ]
[-0.15 -0.7   1.2 ]
[task_controller] Compute action call 301
[task_controller] Projected gravity: [ 0.27268734 -0.69555204 -0.66471722]
[-0.15 -0.7   1.2 ]
[task_controller] Compute action call 302
[task_controller] Projected gravity: [ 0.14530196 -0.74921949 -0.64618689]
[-0.15 -0.7   1.2 ]
[task_controller] Compute action call 303
[task_controller] Projected gravity: [-0.11523056 -0.76224281 -0.63695198]
[-0.15 -0.7   1.2 ]
[task_controller] Compute action call 304
[task_controller] Projected gravity: [-0.47128641 -0.66342392 -0.58116936]
[-0.15 -0.7   1.2 ]
[task_controller] Compute action call 305
[task_controller] Projected gravity: [-0.76385686 -0.44196657 -0.47030654]
[-0.15 -0.7   1.2 ]
[task_controller] Compute action call 306
[task_controller] Projected gravity: [-0.89301886 -0.20980526 -0.39811941]
[-0.15 -0.7   1.2 ]
[task_controller] Compute action call 307
[task_controller] Projected gravity: [-0.80600145 -0.24756961 -0.53765319]
[-0.15 -0.7   1.2 ]
[task_controller] Compute action call 308
[task_controller] Projected gravity: [-0.61800251 -0.35449292 -0.70171765]
[-0.15 -0.7   1.2 ]
[task_controller] Compute action call 309
[task_controller] Projected gravity: [-0.49035615 -0.44883732 -0.74705817]
[-0.15 -0.7   1.2 ]
[task_controller] Compute action call 310
[task_controller] Projected gravity: [-0.4994221  -0.47558575 -0.72415175]
[-0.15 -0.7   1.2 ]
[task_controller] Compute action call 311
[task_controller] Projected gravity: [-0.5755346  -0.46944494 -0.66961285]
[-0.15 -0.7   1.2 ]
[task_controller] Compute action call 312
[task_controller] Projected gravity: [-0.57103936 -0.50478756 -0.64738209]
[-0.15 -0.7   1.2 ]
[task_controller] Compute action call 313
[task_controller] Projected gravity: [-0.37946241 -0.61505724 -0.69116776]
[-0.15 -0.7   1.2 ]
[task_controller] Compute action call 314
[task_controller] Projected gravity: [-0.21790141 -0.65728566 -0.72145307]
[-0.15 -0.7   1.2 ]
[task_controller] Compute action call 315
[task_controller] Projected gravity: [-0.180816   -0.66438132 -0.72519172]
[-0.15 -0.7   1.2 ]
[task_controller] Compute action call 316
[task_controller] Projected gravity: [-0.30726417 -0.63917082 -0.7050173 ]
[-0.15 -0.7   1.2 ]
[task_controller] Compute action call 317
[task_controller] Projected gravity: [-0.5366121  -0.55132841 -0.63881487]
[-0.15 -0.7   1.2 ]
[task_controller] Compute action call 318
[task_controller] Projected gravity: [-0.55331983 -0.54094621 -0.63341484]
[-0.15 -0.7   1.2 ]
[task_controller] Compute action call 319
[task_controller] Projected gravity: [-0.3887727  -0.60987427 -0.6905861 ]
[-0.15 -0.7   1.2 ]
[task_controller] Compute action call 320
[task_controller] Projected gravity: [-0.23601673 -0.6417032  -0.72973495]
[-0.15 -0.7   1.2 ]
[task_controller] Compute action call 321
[task_controller] Projected gravity: [-0.17006889 -0.63534251 -0.75327051]
[-0.15 -0.7   1.2 ]
[task_controller] Compute action call 322
[task_controller] Projected gravity: [-0.27216746 -0.59774992 -0.7540689 ]
[-0.15 -0.7   1.2 ]
[task_controller] Compute action call 323
[task_controller] Projected gravity: [-0.56702073 -0.46527145 -0.67971315]
[-0.15 -0.7   1.2 ]
[task_controller] Compute action call 324
[task_controller] Projected gravity: [-0.6041615  -0.40450304 -0.68656112]
[-0.15 -0.7   1.2 ]
[task_controller] Compute action call 325
[task_controller] Projected gravity: [-0.22582434 -0.29272233 -0.92914854]
[-0.15 -0.7   1.2 ]
[task_controller] Compute action call 326
[task_controller] Projected gravity: [ 0.05112629  0.04851175 -0.99751326]
[-0.15 -0.7   1.2 ]
[task_controller] Compute action call 327
[task_controller] Projected gravity: [ 0.2688775   0.01305606 -0.96308589]
[-0.15 -0.7   1.2 ]
[task_controller] Compute action call 328
[task_controller] Projected gravity: [ 0.24587352 -0.21211515 -0.94580832]
[-0.15 -0.7   1.2 ]
[task_controller] Compute action call 329
[task_controller] Projected gravity: [ 0.27878145 -0.3931609  -0.876188  ]
[-0.15 -0.7   1.2 ]
[task_controller] Compute action call 330
[task_controller] Projected gravity: [ 0.24139602 -0.41717786 -0.87617955]
[-0.15 -0.7   1.2 ]
[task_controller] Compute action call 331
[task_controller] Projected gravity: [ 0.06636446 -0.5121795  -0.85631064]
[-0.15 -0.7   1.2 ]
[task_controller] Compute action call 332
[task_controller] Projected gravity: [-0.14157223 -0.80126501 -0.58131892]
[-0.15 -0.7   1.2 ]
[task_controller] Compute action call 333
[task_controller] Projected gravity: [-0.12272212 -0.95952542 -0.25347633]
[-0.15 -0.7   1.2 ]
[task_controller] Compute action call 334
[task_controller] Projected gravity: [ 0.06843859 -0.99672331 -0.04311384]
[-0.15 -0.7   1.2 ]
[task_controller] Compute action call 335
[task_controller] Projected gravity: [ 0.52125974 -0.85311171  0.02210653]
[-0.15 -0.7   1.2 ]
[task_controller] Compute action call 336
[task_controller] Projected gravity: [ 0.21528733 -0.94894967  0.23053391]
[-0.15 -0.7   1.2 ]
[task_controller] Compute action call 337
[task_controller] Projected gravity: [-0.81368929 -0.57757172  0.06573169]
[-0.15 -0.7   1.2 ]
[task_controller] Compute action call 338
[task_controller] Projected gravity: [-0.91371281  0.40556154  0.02547035]
[-0.15 -0.7   1.2 ]
[task_controller] Compute action call 339
[task_controller] Projected gravity: [-0.66745928  0.73000191 -0.14695347]
[-0.15 -0.7   1.2 ]
[task_controller] Compute action call 340
[task_controller] Projected gravity: [-0.61693475  0.70752915 -0.34466508]
[-0.15 -0.7   1.2 ]
[task_controller] Compute action call 341
[task_controller] Projected gravity: [-0.81367234  0.34345615 -0.46901513]
[-0.15 -0.7   1.2 ]
[task_controller] Compute action call 342
[task_controller] Projected gravity: [-0.99638737  0.08153479 -0.02375487]
[-0.15 -0.7   1.2 ]
[task_controller] Compute action call 343
[task_controller] Projected gravity: [-0.27685759  0.90489679  0.32328266]
[-0.15 -0.7   1.2 ]
[task_controller] Compute action call 344
[task_controller] Projected gravity: [0.37686919 0.91981185 0.10915941]
[-0.15 -0.7   1.2 ]
[task_controller] Compute action call 345
[task_controller] Projected gravity: [-0.11788958  0.98075021 -0.15566332]
[-0.15 -0.7   1.2 ]
[task_controller] Compute action call 346
[task_controller] Projected gravity: [-0.01758339  0.82644701 -0.56273988]
[-0.15 -0.7   1.2 ]
[task_controller] Compute action call 347
[task_controller] Projected gravity: [ 0.78322395 -0.02179903 -0.62135742]
[-0.15 -0.7   1.2 ]
[task_controller] Compute action call 348
[task_controller] Projected gravity: [ 0.8571686  -0.18556386  0.48044567]
[-0.15 -0.7   1.2 ]
[task_controller] Compute action call 349
[task_controller] Projected gravity: [0.38281674 0.37088741 0.84610512]
[-0.15 -0.7   1.2 ]
[task_controller] Compute action call 350
[task_controller] Projected gravity: [-0.02424147  0.31610897  0.94841313]
[-0.15 -0.7   1.2 ]
[task_controller] Compute action call 351
[task_controller] Projected gravity: [-0.2621278  -0.10403581  0.95940897]
[-0.15 -0.7   1.2 ]
[task_controller] Compute action call 352
[task_controller] Projected gravity: [-0.01980222 -0.73823164  0.67425656]
[-0.15 -0.7   1.2 ]
[task_controller] Compute action call 353
[task_controller] Projected gravity: [ 0.65585818 -0.73636796  0.16616944]
[-0.15 -0.7   1.2 ]
[task_controller] waiting for numeric control_state: control_state SHM has no committed payload
[task_controller] Compute action call 354
[task_controller] Projected gravity: [0.42011319 0.6642329  0.61830378]
[-0.15 -0.7   1.2 ]
[task_controller] Compute action call 355
[task_controller] Projected gravity: [0.18759072 0.9744738  0.12333102]
[-0.15 -0.7   1.2 ]
[task_controller] Compute action call 356
[task_controller] Projected gravity: [ 0.58796759  0.56961771 -0.57430808]
[-0.15 -0.7   1.2 ]
[task_controller] Compute action call 357
[task_controller] Projected gravity: [ 0.71549002 -0.34539138 -0.60727162]
[-0.15 -0.7   1.2 ]
[task_controller] Compute action call 358
[task_controller] Projected gravity: [ 0.08839399 -0.92967809  0.35761032]
[-0.15 -0.7   1.2 ]
[task_controller] Compute action call 359
[task_controller] Projected gravity: [ 0.11115665 -0.88846919  0.44527148]
[-0.15 -0.7   1.2 ]
[task_controller] Compute action call 360
[task_controller] Projected gravity: [-0.21360561 -0.94980827  0.2285539 ]
[-0.15 -0.7   1.2 ]
[task_controller] Compute action call 361
[task_controller] Projected gravity: [-0.8569239  -0.51445095  0.03196315]
[-0.15 -0.7   1.2 ]
[task_controller] Compute action call 362
[task_controller] Projected gravity: [-0.68017906 -0.56956131  0.46147196]
[-0.15 -0.7   1.2 ]
[task_controller] Compute action call 363
[task_controller] Projected gravity: [ 0.47223674 -0.78169421  0.40736547]
[-0.15 -0.7   1.2 ]
[task_controller] Compute action call 364
[task_controller] Projected gravity: [ 0.87273699 -0.36909138  0.31953357]
[-0.15 -0.7   1.2 ]
[task_controller] Compute action call 365
[task_controller] Projected gravity: [ 0.73378316 -0.67695515 -0.05739337]
[-0.15 -0.7   1.2 ]
[task_controller] Compute action call 366
[task_controller] Projected gravity: [-0.30240382 -0.94875337 -0.09175492]
[-0.15 -0.7   1.2 ]
[task_controller] Compute action call 367
[task_controller] Projected gravity: [-0.59129321 -0.74577423  0.30690901]
[-0.15 -0.7   1.2 ]
[task_controller] Compute action call 368
[task_controller] Projected gravity: [-0.42851063 -0.255706    0.86659857]
[-0.15 -0.7   1.2 ]
[task_controller] Compute action call 369
[task_controller] Projected gravity: [0.00539219 0.37027656 0.92890591]
[-0.15 -0.7   1.2 ]
[task_controller] Compute action call 370
[task_controller] Projected gravity: [0.94774424 0.16555251 0.27271456]
[-0.15 -0.7   1.2 ]
[task_controller] Compute action call 371
[task_controller] Projected gravity: [ 0.71523673 -0.16169628 -0.67991966]
[-0.15 -0.7   1.2 ]
[task_controller] Compute action call 372
[task_controller] Projected gravity: [-0.23217565  0.04810818 -0.97148344]
[-0.15 -0.7   1.2 ]
[task_controller] Compute action call 373
[task_controller] Projected gravity: [-0.72140623 -0.59965054 -0.34639902]
[-0.15 -0.7   1.2 ]
[task_controller] Compute action call 374
[task_controller] Projected gravity: [-0.40488223 -0.35545175  0.84245145]
[-0.15 -0.7   1.2 ]
[task_controller] Compute action call 375
[task_controller] Projected gravity: [0.27531473 0.19945576 0.94043564]
[-0.15 -0.7   1.2 ]
[task_controller] Compute action call 376
[task_controller] Projected gravity: [0.61346612 0.03206268 0.7890699 ]
[-0.15 -0.7   1.2 ]
[task_controller] Compute action call 377
[task_controller] Projected gravity: [ 0.77985509 -0.02519005  0.62545304]
[-0.15 -0.7   1.2 ]
[task_controller] Compute action call 378
[task_controller] Projected gravity: [0.83738463 0.00742666 0.54656365]
[-0.15 -0.7   1.2 ]
[task_controller] Compute action call 379
[task_controller] Projected gravity: [ 0.38743485 -0.60530468  0.69534199]
[-0.15 -0.7   1.2 ]
[task_controller] Compute action call 380
[task_controller] Projected gravity: [-0.37871637 -0.44000928  0.81422709]
[-0.15 -0.7   1.2 ]
[task_controller] Compute action call 381
[task_controller] Projected gravity: [-0.34587636  0.20729636  0.9150944 ]
[-0.15 -0.7   1.2 ]
[task_controller] Compute action call 382
[task_controller] Projected gravity: [-0.00642973  0.46659202  0.88444929]
[-0.15 -0.7   1.2 ]
[task_controller] Compute action call 383
[task_controller] Projected gravity: [0.35361934 0.39711598 0.84690747]
[-0.15 -0.7   1.2 ]
[task_controller] Compute action call 384
[task_controller] Projected gravity: [0.63858785 0.3237985  0.69811181]
[-0.15 -0.7   1.2 ]
[task_controller] Compute action call 385
[task_controller] Projected gravity: [0.7131994  0.43652871 0.54844262]
[-0.15 -0.7   1.2 ]
[task_controller] Compute action call 386
[task_controller] Projected gravity: [0.7131994  0.43652871 0.54844262]
[-0.15 -0.7   1.2 ]
[task_controller] Compute action call 387
[task_controller] Projected gravity: [0.7131994  0.43652871 0.54844262]
[-0.15 -0.7   1.2 ]
[task_controller] Compute action call 388
[task_controller] Projected gravity: [0.7131994  0.43652871 0.54844262]
[-0.15 -0.7   1.2 ]
[task_controller] Compute action call 389
[task_controller] Projected gravity: [0.7131994  0.43652871 0.54844262]
[-0.15 -0.7   1.2 ]
[task_controller] Compute action call 390
[task_controller] Projected gravity: [0.7131994  0.43652871 0.54844262]
[-0.15 -0.7   1.2 ]
[task_controller] Compute action call 391
[task_controller] Projected gravity: [0.7131994  0.43652871 0.54844262]
[-0.15 -0.7   1.2 ]
[task_controller] Compute action call 392
[task_controller] Projected gravity: [0.7131994  0.43652871 0.54844262]
[-0.15 -0.7   1.2 ]
[task_controller] Compute action call 393
[task_controller] Projected gravity: [0.7131994  0.43652871 0.54844262]
[-0.15 -0.7   1.2 ]
[task_controller] Compute action call 394
[task_controller] Projected gravity: [0.7131994  0.43652871 0.54844262]
[-0.15 -0.7   1.2 ]
[task_controller] Compute action call 395
[task_controller] Projected gravity: [0.7131994  0.43652871 0.54844262]
[-0.15 -0.7   1.2 ]
[task_controller] Compute action call 396
[task_controller] Projected gravity: [0.7131994  0.43652871 0.54844262]
[-0.15 -0.7   1.2 ]
[task_controller] Compute action call 397
[task_controller] Projected gravity: [0.7131994  0.43652871 0.54844262]
[-0.15 -0.7   1.2 ]
[task_controller] Compute action call 398
[task_controller] Projected gravity: [0.7131994  0.43652871 0.54844262]
[-0.15 -0.7   1.2 ]
[task_controller] Compute action call 399
[task_controller] Projected gravity: [0.7131994  0.43652871 0.54844262]
[-0.15 -0.7   1.2 ]
[task_controller] Compute action call 400
[task_controller] Projected gravity: [0.7131994  0.43652871 0.54844262]
[-0.15 -0.7   1.2 ]
[task_controller] signal 15, shutting down
