[process_supervisor] log file: /home/kale/QHRR_control/log/20260525_163508/task_controller.log
[task_controller] loaded policy qhrr: /home/kale/QHRR_control/policy/qhrr/qhrr/policy.onnx
[task_controller] control=qhrr_control_state aux=qhrr_aux_command mit=qhrr_mit_command
[task_controller] target_policy_output_hz=50.000 rate_log_interval_s=1.0
[task_controller] waiting for numeric control_state
[task_controller] still waiting: control_state SHM is not ready for policy input: actuator 0x141 position_rad is not available yet
[task_controller] still waiting: control_state SHM is not ready for policy input: actuator 0x141 position_rad is not available yet
[task_controller] still waiting: control_state SHM is not ready for policy input: actuator 0x141 position_rad is not available yet
[task_controller] still waiting: control_state SHM has no committed payload
[task_controller] still waiting: control_state SHM is not ready for policy input: actuator 0x141 position_rad is not available yet
[task_controller] still waiting: control_state SHM is not ready for policy input: actuator 0x141 position_rad is not available yet
[task_controller] still waiting: control_state SHM is not ready for policy input: actuator 0x141 position_rad is not available yet
[task_controller] numeric control_state received
[task_controller] waiting for numeric control_state: control_state SHM has no committed payload
[task_controller] policy_output_rate_hz=49.82 published=50 target_hz=50.00
[task_controller] policy_output_rate_hz=49.83 published=100 target_hz=50.00
[task_controller] policy_output_rate_hz=49.81 published=150 target_hz=50.00
[task_controller] policy_output_rate_hz=49.81 published=200 target_hz=50.00
[task_controller] policy_output_rate_hz=49.84 published=250 target_hz=50.00
[task_controller] policy_output_rate_hz=49.82 published=300 target_hz=50.00
[task_controller] policy_output_rate_hz=49.81 published=350 target_hz=50.00
[task_controller] policy_output_rate_hz=49.84 published=400 target_hz=50.00
[task_controller] policy_output_rate_hz=49.85 published=450 target_hz=50.00
[task_controller] policy_output_rate_hz=49.83 published=500 target_hz=50.00
[task_controller] policy_output_rate_hz=49.83 published=550 target_hz=50.00
[task_controller] policy_output_rate_hz=49.84 published=600 target_hz=50.00
[task_controller] policy_output_rate_hz=49.84 published=650 target_hz=50.00
[task_controller] waiting for numeric control_state: control_state SHM has no committed payload
[task_controller] policy_output_rate_hz=46.83 published=697 target_hz=50.00
[task_controller] policy_output_rate_hz=49.83 published=747 target_hz=50.00
[task_controller] policy_output_rate_hz=49.82 published=797 target_hz=50.00
[task_controller] policy_output_rate_hz=49.81 published=847 target_hz=50.00
[task_controller] policy_output_rate_hz=49.85 published=897 target_hz=50.00
[task_controller] policy_output_rate_hz=49.82 published=947 target_hz=50.00
[task_controller] policy_output_rate_hz=49.82 published=997 target_hz=50.00
[task_controller] policy_output_rate_hz=49.85 published=1047 target_hz=50.00
[task_controller] policy_output_rate_hz=49.84 published=1097 target_hz=50.00
[task_controller] policy_output_rate_hz=49.83 published=1147 target_hz=50.00
[task_controller] policy_output_rate_hz=49.82 published=1197 target_hz=50.00
[task_controller] waiting for numeric control_state: control_state SHM has no committed payload
[task_controller] policy_output_rate_hz=48.83 published=1246 target_hz=50.00
[task_controller] signal 15, shutting down
