[process_supervisor] log file: /home/kale/QHRR_control/log/20260525_151621/task_controller.log
[task_controller] loaded policy qhrr: /home/kale/QHRR_control/policy/qhrr/qhrr/policy.onnx
[task_controller] control=qhrr_control_state aux=qhrr_aux_command mit=qhrr_mit_command
[task_controller] target_policy_output_hz=50.000 rate_log_interval_s=1.0
[task_controller] waiting for numeric control_state
[task_controller] still waiting: control_state SHM is not ready for policy input: actuator 0x141 position_rad is not available yet
[task_controller] still waiting: control_state SHM is not ready for policy input: actuator 0x141 position_rad is not available yet
[task_controller] still waiting: control_state SHM is not ready for policy input: actuator 0x141 position_rad is not available yet
[task_controller] still waiting: control_state SHM is not ready for policy input: actuator 0x141 position_rad is not available yet
[task_controller] still waiting: control_state SHM is not ready for policy input: actuator 0x142 position_rad is not available yet
[task_controller] numeric control_state received
[task_controller] policy_output_rate_hz=50.83 published=51 target_hz=50.00
[task_controller] policy_output_rate_hz=49.84 published=101 target_hz=50.00
[task_controller] waiting for numeric control_state: control_state SHM has no committed payload
[task_controller] policy_output_rate_hz=48.86 published=150 target_hz=50.00
[task_controller] policy_output_rate_hz=49.85 published=200 target_hz=50.00
[task_controller] policy_output_rate_hz=49.80 published=250 target_hz=50.00
[task_controller] policy_output_rate_hz=49.85 published=300 target_hz=50.00
[task_controller] policy_output_rate_hz=49.85 published=350 target_hz=50.00
[task_controller] signal 15, shutting down
