[process_supervisor] log file: /home/kale/QHRR_control/log/20260525_144809/task_controller.log
[task_controller] loaded policy qhrr: /home/kale/QHRR_control/policy/qhrr/qhrr/policy.onnx
[task_controller] control=qhrr_control_state aux=qhrr_aux_command mit=qhrr_mit_command
[task_controller] target_policy_output_hz=50.000 rate_log_interval_s=1.0
[task_controller] waiting for numeric control_state
[task_controller] still waiting: control_state SHM is not ready for policy input: actuator 0x141 position_rad is not available yet
[task_controller] still waiting: control_state SHM is not ready for policy input: actuator 0x141 position_rad is not available yet
[task_controller] still waiting: control_state SHM has no committed payload
[task_controller] still waiting: control_state SHM is not ready for policy input: actuator 0x141 position_rad is not available yet
[task_controller] still waiting: control_state SHM is not ready for policy input: actuator 0x141 position_rad is not available yet
[task_controller] still waiting: control_state SHM is not ready for policy input: actuator 0x141 position_rad is not available yet
[task_controller] still waiting: control_state SHM is not ready for policy input: actuator 0x141 position_rad is not available yet
[task_controller] still waiting: control_state SHM is not ready for policy input: actuator 0x141 position_rad is not available yet
[task_controller] still waiting: control_state SHM is not ready for policy input: actuator 0x141 position_rad is not available yet
[task_controller] still waiting: control_state SHM has no committed payload
[task_controller] still waiting: control_state SHM is not ready for policy input: actuator 0x141 position_rad is not available yet
[task_controller] still waiting: control_state SHM is not ready for policy input: actuator 0x141 position_rad is not available yet
[task_controller] still waiting: control_state SHM is not ready for policy input: actuator 0x142 position_rad is not available yet
[task_controller] numeric control_state received
[task_controller] policy_output_rate_hz=50.84 published=51 target_hz=50.00
[task_controller] policy_output_rate_hz=49.82 published=101 target_hz=50.00
[task_controller] policy_output_rate_hz=49.84 published=151 target_hz=50.00
[task_controller] policy_output_rate_hz=49.86 published=201 target_hz=50.00
[task_controller] policy_output_rate_hz=49.86 published=251 target_hz=50.00
[task_controller] policy_output_rate_hz=49.86 published=301 target_hz=50.00
[task_controller] waiting for numeric control_state: control_state SHM has no committed payload
[task_controller] policy_output_rate_hz=48.86 published=350 target_hz=50.00
[task_controller] policy_output_rate_hz=49.85 published=400 target_hz=50.00
[task_controller] policy_output_rate_hz=49.86 published=450 target_hz=50.00
[task_controller] policy_output_rate_hz=49.87 published=500 target_hz=50.00
[task_controller] policy_output_rate_hz=49.86 published=550 target_hz=50.00
[task_controller] policy_output_rate_hz=49.86 published=600 target_hz=50.00
[task_controller] policy_output_rate_hz=49.86 published=650 target_hz=50.00
[task_controller] policy_output_rate_hz=49.84 published=700 target_hz=50.00
[task_controller] policy_output_rate_hz=49.86 published=750 target_hz=50.00
[task_controller] policy_output_rate_hz=49.85 published=800 target_hz=50.00
[task_controller] policy_output_rate_hz=49.85 published=850 target_hz=50.00
[task_controller] policy_output_rate_hz=49.85 published=900 target_hz=50.00
[task_controller] waiting for numeric control_state: control_state SHM has no committed payload
[task_controller] policy_output_rate_hz=48.85 published=949 target_hz=50.00
[task_controller] policy_output_rate_hz=49.84 published=999 target_hz=50.00
[task_controller] policy_output_rate_hz=49.80 published=1049 target_hz=50.00
[task_controller] waiting for numeric control_state: control_state SHM has no committed payload
[task_controller] policy_output_rate_hz=48.85 published=1098 target_hz=50.00
[task_controller] policy_output_rate_hz=49.86 published=1148 target_hz=50.00
[task_controller] policy_output_rate_hz=49.86 published=1198 target_hz=50.00
[task_controller] policy_output_rate_hz=49.85 published=1248 target_hz=50.00
[task_controller] policy_output_rate_hz=49.86 published=1298 target_hz=50.00
[task_controller] policy_output_rate_hz=49.86 published=1348 target_hz=50.00
[task_controller] policy_output_rate_hz=49.86 published=1398 target_hz=50.00
[task_controller] waiting for numeric control_state: control_state SHM has no committed payload
[task_controller] policy_output_rate_hz=48.86 published=1447 target_hz=50.00
[task_controller] policy_output_rate_hz=49.86 published=1497 target_hz=50.00
[task_controller] policy_output_rate_hz=49.86 published=1547 target_hz=50.00
[task_controller] policy_output_rate_hz=49.85 published=1597 target_hz=50.00
[task_controller] policy_output_rate_hz=49.86 published=1647 target_hz=50.00
[task_controller] policy_output_rate_hz=49.85 published=1697 target_hz=50.00
[task_controller] policy_output_rate_hz=49.85 published=1747 target_hz=50.00
[task_controller] policy_output_rate_hz=49.86 published=1797 target_hz=50.00
[task_controller] waiting for numeric control_state: control_state SHM has no committed payload
[task_controller] policy_output_rate_hz=48.85 published=1846 target_hz=50.00
[task_controller] policy_output_rate_hz=49.85 published=1896 target_hz=50.00
[task_controller] policy_output_rate_hz=49.86 published=1946 target_hz=50.00
[task_controller] policy_output_rate_hz=49.86 published=1996 target_hz=50.00
[task_controller] policy_output_rate_hz=49.84 published=2046 target_hz=50.00
[task_controller] policy_output_rate_hz=49.85 published=2096 target_hz=50.00
[task_controller] policy_output_rate_hz=49.86 published=2146 target_hz=50.00
[task_controller] policy_output_rate_hz=49.85 published=2196 target_hz=50.00
[task_controller] policy_output_rate_hz=49.84 published=2246 target_hz=50.00
[task_controller] policy_output_rate_hz=49.84 published=2296 target_hz=50.00
[task_controller] policy_output_rate_hz=49.85 published=2346 target_hz=50.00
[task_controller] policy_output_rate_hz=49.84 published=2396 target_hz=50.00
[task_controller] policy_output_rate_hz=49.85 published=2446 target_hz=50.00
[task_controller] policy_output_rate_hz=49.85 published=2496 target_hz=50.00
[task_controller] policy_output_rate_hz=49.85 published=2546 target_hz=50.00
[task_controller] policy_output_rate_hz=49.85 published=2596 target_hz=50.00
[task_controller] policy_output_rate_hz=49.84 published=2646 target_hz=50.00
[task_controller] policy_output_rate_hz=49.85 published=2696 target_hz=50.00
[task_controller] policy_output_rate_hz=49.84 published=2746 target_hz=50.00
[task_controller] policy_output_rate_hz=49.83 published=2796 target_hz=50.00
[task_controller] policy_output_rate_hz=49.86 published=2846 target_hz=50.00
[task_controller] policy_output_rate_hz=49.85 published=2896 target_hz=50.00
[task_controller] policy_output_rate_hz=49.86 published=2946 target_hz=50.00
[task_controller] policy_output_rate_hz=49.83 published=2996 target_hz=50.00
[task_controller] policy_output_rate_hz=49.84 published=3046 target_hz=50.00
[task_controller] policy_output_rate_hz=49.85 published=3096 target_hz=50.00
[task_controller] waiting for numeric control_state: control_state SHM has no committed payload
[task_controller] policy_output_rate_hz=48.85 published=3145 target_hz=50.00
[task_controller] policy_output_rate_hz=49.85 published=3195 target_hz=50.00
[task_controller] policy_output_rate_hz=49.85 published=3245 target_hz=50.00
[task_controller] policy_output_rate_hz=49.85 published=3295 target_hz=50.00
[task_controller] policy_output_rate_hz=49.86 published=3345 target_hz=50.00
[task_controller] policy_output_rate_hz=49.85 published=3395 target_hz=50.00
[task_controller] policy_output_rate_hz=49.85 published=3445 target_hz=50.00
[task_controller] waiting for numeric control_state: control_state SHM has no committed payload
[task_controller] policy_output_rate_hz=48.86 published=3494 target_hz=50.00
[task_controller] policy_output_rate_hz=49.85 published=3544 target_hz=50.00
[task_controller] waiting for numeric control_state: control_state SHM has no committed payload
[task_controller] policy_output_rate_hz=48.84 published=3593 target_hz=50.00
[task_controller] policy_output_rate_hz=49.85 published=3643 target_hz=50.00
[task_controller] policy_output_rate_hz=49.86 published=3693 target_hz=50.00
[task_controller] policy_output_rate_hz=49.86 published=3743 target_hz=50.00
[task_controller] policy_output_rate_hz=49.85 published=3793 target_hz=50.00
[task_controller] policy_output_rate_hz=49.84 published=3843 target_hz=50.00
[task_controller] policy_output_rate_hz=49.86 published=3893 target_hz=50.00
[task_controller] policy_output_rate_hz=49.85 published=3943 target_hz=50.00
[task_controller] policy_output_rate_hz=49.85 published=3993 target_hz=50.00
[task_controller] policy_output_rate_hz=49.86 published=4043 target_hz=50.00
[task_controller] waiting for numeric control_state: control_state SHM has no committed payload
[task_controller] policy_output_rate_hz=48.85 published=4092 target_hz=50.00
[task_controller] policy_output_rate_hz=49.85 published=4142 target_hz=50.00
[task_controller] policy_output_rate_hz=49.86 published=4192 target_hz=50.00
[task_controller] policy_output_rate_hz=49.85 published=4242 target_hz=50.00
[task_controller] signal 15, shutting down
