[process_supervisor] log file: /home/kale/QHRR_control/log/20260525_125315/task_controller.log
[task_controller] loaded policy qhrr: /home/kale/QHRR_control/policy/qhrr/qhrr/policy.onnx
[task_controller] control=qhrr_control_state aux=qhrr_aux_command mit=qhrr_mit_command
[task_controller] waiting for numeric control_state
[task_controller] still waiting: control_state SHM is not ready for policy input: actuator 0x141 position_rad is not available yet
Traceback (most recent call last):
  File "<frozen runpy>", line 198, in _run_module_as_main
  File "<frozen runpy>", line 88, in _run_code
  File "/home/kale/QHRR_control/robot_controller/process/task_controller/main.py", line 152, in <module>
    raise SystemExit(main())
                     ^^^^^^
  File "/home/kale/QHRR_control/robot_controller/process/task_controller/main.py", line 95, in main
    control_reader.wait_until_available(
  File "/home/kale/QHRR_control/robot_controller/process/task_controller/shm_io.py", line 56, in wait_until_available
    state = self.latest_ready(can_ids)
            ^^^^^^^^^^^^^^^^^^^^^^^^^^
  File "/home/kale/QHRR_control/robot_controller/process/task_controller/shm_io.py", line 35, in latest_ready
    state = self.reader.read_latest()
            ^^^^^^^^^^^^^^^^^^^^^^^^^
  File "/home/kale/QHRR_control/robot_controller/core/robot_state_shm.py", line 98, in read_latest
    raise RuntimeError(f"Invalid robot state payload length: {payload_len}/{capacity}")
RuntimeError: Invalid robot state payload length: 0/16356
